

Started GET "/" for ::1 at 2015-03-04 13:58:01 -0800

ActiveRecord::NoDatabaseError (FATAL:  database "two_factor_authy_development" does not exist
):
  activerecord (4.2.0) lib/active_record/connection_adapters/postgresql_adapter.rb:661:in `rescue in connect'
  activerecord (4.2.0) lib/active_record/connection_adapters/postgresql_adapter.rb:651:in `connect'
  activerecord (4.2.0) lib/active_record/connection_adapters/postgresql_adapter.rb:242:in `initialize'
  activerecord (4.2.0) lib/active_record/connection_adapters/postgresql_adapter.rb:44:in `new'
  activerecord (4.2.0) lib/active_record/connection_adapters/postgresql_adapter.rb:44:in `postgresql_connection'
  activerecord (4.2.0) lib/active_record/connection_adapters/abstract/connection_pool.rb:436:in `new_connection'
  activerecord (4.2.0) lib/active_record/connection_adapters/abstract/connection_pool.rb:446:in `checkout_new_connection'
  activerecord (4.2.0) lib/active_record/connection_adapters/abstract/connection_pool.rb:422:in `acquire_connection'
  activerecord (4.2.0) lib/active_record/connection_adapters/abstract/connection_pool.rb:349:in `block in checkout'
  /Users/jreyes/.rvm/rubies/ruby-2.1.3/lib/ruby/2.1.0/monitor.rb:211:in `mon_synchronize'
  activerecord (4.2.0) lib/active_record/connection_adapters/abstract/connection_pool.rb:348:in `checkout'
  activerecord (4.2.0) lib/active_record/connection_adapters/abstract/connection_pool.rb:263:in `block in connection'
  /Users/jreyes/.rvm/rubies/ruby-2.1.3/lib/ruby/2.1.0/monitor.rb:211:in `mon_synchronize'
  activerecord (4.2.0) lib/active_record/connection_adapters/abstract/connection_pool.rb:262:in `connection'
  activerecord (4.2.0) lib/active_record/connection_adapters/abstract/connection_pool.rb:565:in `retrieve_connection'
  activerecord (4.2.0) lib/active_record/connection_handling.rb:113:in `retrieve_connection'
  activerecord (4.2.0) lib/active_record/connection_handling.rb:87:in `connection'
  activerecord (4.2.0) lib/active_record/migration.rb:384:in `connection'
  activerecord (4.2.0) lib/active_record/migration.rb:371:in `call'
  actionpack (4.2.0) lib/action_dispatch/middleware/callbacks.rb:29:in `block in call'
  activesupport (4.2.0) lib/active_support/callbacks.rb:88:in `call'
  activesupport (4.2.0) lib/active_support/callbacks.rb:88:in `_run_callbacks'
  activesupport (4.2.0) lib/active_support/callbacks.rb:734:in `_run_call_callbacks'
  activesupport (4.2.0) lib/active_support/callbacks.rb:81:in `run_callbacks'
  actionpack (4.2.0) lib/action_dispatch/middleware/callbacks.rb:27:in `call'
  actionpack (4.2.0) lib/action_dispatch/middleware/reloader.rb:73:in `call'
  actionpack (4.2.0) lib/action_dispatch/middleware/remote_ip.rb:78:in `call'
  web-console (2.0.0) lib/action_dispatch/debug_exceptions.rb:18:in `middleware_call'
  web-console (2.0.0) lib/action_dispatch/debug_exceptions.rb:13:in `call'
  actionpack (4.2.0) lib/action_dispatch/middleware/show_exceptions.rb:30:in `call'
  railties (4.2.0) lib/rails/rack/logger.rb:38:in `call_app'
  railties (4.2.0) lib/rails/rack/logger.rb:20:in `block in call'
  activesupport (4.2.0) lib/active_support/tagged_logging.rb:68:in `block in tagged'
  activesupport (4.2.0) lib/active_support/tagged_logging.rb:26:in `tagged'
  activesupport (4.2.0) lib/active_support/tagged_logging.rb:68:in `tagged'
  railties (4.2.0) lib/rails/rack/logger.rb:20:in `call'
  actionpack (4.2.0) lib/action_dispatch/middleware/request_id.rb:21:in `call'
  rack (1.6.0) lib/rack/methodoverride.rb:22:in `call'
  rack (1.6.0) lib/rack/runtime.rb:18:in `call'
  activesupport (4.2.0) lib/active_support/cache/strategy/local_cache_middleware.rb:28:in `call'
  rack (1.6.0) lib/rack/lock.rb:17:in `call'
  actionpack (4.2.0) lib/action_dispatch/middleware/static.rb:113:in `call'
  rack (1.6.0) lib/rack/sendfile.rb:113:in `call'
  railties (4.2.0) lib/rails/engine.rb:518:in `call'
  railties (4.2.0) lib/rails/application.rb:164:in `call'
  rack (1.6.0) lib/rack/lock.rb:17:in `call'
  rack (1.6.0) lib/rack/content_length.rb:15:in `call'
  rack (1.6.0) lib/rack/handler/webrick.rb:89:in `service'
  /Users/jreyes/.rvm/rubies/ruby-2.1.3/lib/ruby/2.1.0/webrick/httpserver.rb:138:in `service'
  /Users/jreyes/.rvm/rubies/ruby-2.1.3/lib/ruby/2.1.0/webrick/httpserver.rb:94:in `run'
  /Users/jreyes/.rvm/rubies/ruby-2.1.3/lib/ruby/2.1.0/webrick/server.rb:295:in `block in start_thread'


  Rendered /Users/jreyes/.rvm/gems/ruby-2.1.3/gems/web-console-2.0.0/lib/action_dispatch/templates/rescues/_source.erb (3.1ms)
  Rendered /Users/jreyes/.rvm/gems/ruby-2.1.3/gems/web-console-2.0.0/lib/action_dispatch/templates/rescues/_trace.html.erb (1.4ms)
  Rendered /Users/jreyes/.rvm/gems/ruby-2.1.3/gems/web-console-2.0.0/lib/action_dispatch/templates/rescues/_request_and_response.html.erb (0.6ms)
  Rendered /Users/jreyes/.rvm/gems/ruby-2.1.3/gems/web-console-2.0.0/lib/action_dispatch/templates/rescues/_web_console.html.erb (0.7ms)
  Rendered /Users/jreyes/.rvm/gems/ruby-2.1.3/gems/web-console-2.0.0/lib/action_dispatch/templates/rescues/diagnostics.html.erb within rescues/layout (22.2ms)
  [1m[36m (384.8ms)[0m  [1mCREATE DATABASE "two_factor_authy_development" ENCODING = 'unicode'[0m
  [1m[35m (39.9ms)[0m  CREATE TABLE "schema_migrations" ("version" character varying NOT NULL) 
  [1m[36m (2.6ms)[0m  [1mCREATE UNIQUE INDEX  "unique_schema_migrations" ON "schema_migrations"  ("version")[0m
  [1m[35mActiveRecord::SchemaMigration Load (0.4ms)[0m  SELECT "schema_migrations".* FROM "schema_migrations"
Migrating to CreateUsers (20150219231715)
  [1m[36m (5.3ms)[0m  [1mBEGIN[0m
  [1m[35m (24.1ms)[0m  CREATE TABLE "users" ("id" serial primary key, "email" character varying NOT NULL, "password_digest" character varying NOT NULL, "created_at" timestamp NOT NULL, "updated_at" timestamp NOT NULL) 
  [1m[36mSQL (45.9ms)[0m  [1mINSERT INTO "schema_migrations" ("version") VALUES ($1)[0m  [["version", "20150219231715"]]
  [1m[35m (0.4ms)[0m  COMMIT
Migrating to AddsUserNameToUsers (20150220155337)
  [1m[36m (6.0ms)[0m  [1mBEGIN[0m
  [1m[35m (13.4ms)[0m  ALTER TABLE "users" ADD "name" character varying
  [1m[36mSQL (1.4ms)[0m  [1mINSERT INTO "schema_migrations" ("version") VALUES ($1)[0m  [["version", "20150220155337"]]
  [1m[35m (0.3ms)[0m  COMMIT
Migrating to AddPhoneNumberAndCountryCodeToUsers (20150220161843)
  [1m[36m (0.1ms)[0m  [1mBEGIN[0m
  [1m[35m (0.4ms)[0m  ALTER TABLE "users" ADD "phone_number" character varying
  [1m[36m (0.2ms)[0m  [1mALTER TABLE "users" ADD "country_code" character varying[0m
  [1m[35mSQL (0.1ms)[0m  INSERT INTO "schema_migrations" ("version") VALUES ($1)  [["version", "20150220161843"]]
  [1m[36m (6.1ms)[0m  [1mCOMMIT[0m
Migrating to AddAuthyTokenToUsers (20150220171049)
  [1m[35m (0.2ms)[0m  BEGIN
  [1m[36m (0.5ms)[0m  [1mALTER TABLE "users" ADD "authy_id" character varying[0m
  [1m[35mSQL (0.2ms)[0m  INSERT INTO "schema_migrations" ("version") VALUES ($1)  [["version", "20150220171049"]]
  [1m[36m (6.2ms)[0m  [1mCOMMIT[0m
  [1m[35mActiveRecord::SchemaMigration Load (0.2ms)[0m  SELECT "schema_migrations".* FROM "schema_migrations"
  [1m[36m (4.0ms)[0m  [1mSELECT t2.oid::regclass::text AS to_table, a1.attname AS column, a2.attname AS primary_key, c.conname AS name, c.confupdtype AS on_update, c.confdeltype AS on_delete
FROM pg_constraint c
JOIN pg_class t1 ON c.conrelid = t1.oid
JOIN pg_class t2 ON c.confrelid = t2.oid
JOIN pg_attribute a1 ON a1.attnum = c.conkey[1] AND a1.attrelid = t1.oid
JOIN pg_attribute a2 ON a2.attnum = c.confkey[1] AND a2.attrelid = t2.oid
JOIN pg_namespace t3 ON c.connamespace = t3.oid
WHERE c.contype = 'f'
  AND t1.relname = 'users'
  AND t3.nspname = ANY (current_schemas(false))
ORDER BY c.conname
[0m


Started GET "/" for ::1 at 2015-03-04 14:00:46 -0800
  [1m[36mActiveRecord::SchemaMigration Load (0.5ms)[0m  [1mSELECT "schema_migrations".* FROM "schema_migrations"[0m
Processing by MainController#index as HTML
  Rendered main/index.html.erb within layouts/application (1.6ms)
  [1m[35mUser Load (18.8ms)[0m  SELECT  "users".* FROM "users" WHERE "users"."id" IS NULL LIMIT 1
Completed 200 OK in 1695ms (Views: 1666.9ms | ActiveRecord: 19.8ms)


Started GET "/assets/sessions-64e62ddc273c2f5847f30d698ca14b67.css?body=1" for ::1 at 2015-03-04 14:00:48 -0800


Started GET "/assets/application-ecb77779919f3b2d9182e36db61ac16e.css?body=1" for ::1 at 2015-03-04 14:00:48 -0800


Started GET "/assets/account-64e62ddc273c2f5847f30d698ca14b67.css?body=1" for ::1 at 2015-03-04 14:00:48 -0800


Started GET "/assets/jquery-87424c3c19e96d4fb033c10ebe21ec40.js?body=1" for ::1 at 2015-03-04 14:00:48 -0800


Started GET "/assets/users-64e62ddc273c2f5847f30d698ca14b67.css?body=1" for ::1 at 2015-03-04 14:00:48 -0800


Started GET "/assets/main-64e62ddc273c2f5847f30d698ca14b67.css?body=1" for ::1 at 2015-03-04 14:00:48 -0800


Started GET "/assets/jquery_ujs-e27bd20a10d28155845a22d71ef94f2f.js?body=1" for ::1 at 2015-03-04 14:00:48 -0800


Started GET "/assets/turbolinks-f87b3583ca50adb0488b031297f5580d.js?body=1" for ::1 at 2015-03-04 14:00:48 -0800


Started GET "/assets/account-fcec5b5a277ac7c20cc9f45a209a3bcd.js?body=1" for ::1 at 2015-03-04 14:00:48 -0800


Started GET "/assets/main-fcec5b5a277ac7c20cc9f45a209a3bcd.js?body=1" for ::1 at 2015-03-04 14:00:48 -0800


Started GET "/assets/sessions-fcec5b5a277ac7c20cc9f45a209a3bcd.js?body=1" for ::1 at 2015-03-04 14:00:48 -0800


Started GET "/assets/users-fcec5b5a277ac7c20cc9f45a209a3bcd.js?body=1" for ::1 at 2015-03-04 14:00:48 -0800


Started GET "/assets/application-17e4801155788a176bbbc02f37563650.js?body=1" for ::1 at 2015-03-04 14:00:48 -0800


Started GET "/users/new" for ::1 at 2015-03-04 14:00:55 -0800
Processing by UsersController#new as HTML
  Rendered users/new.html.erb within layouts/application (21.4ms)
  [1m[36mUser Load (0.4ms)[0m  [1mSELECT  "users".* FROM "users" WHERE "users"."id" IS NULL LIMIT 1[0m
Completed 200 OK in 113ms (Views: 105.6ms | ActiveRecord: 2.8ms)
  [1m[36m (122.1ms)[0m  [1mDROP DATABASE IF EXISTS "two_factor_authy_development"[0m
  [1m[35m (356.9ms)[0m  CREATE DATABASE "two_factor_authy_development" ENCODING = 'unicode'
  [1m[36mSQL (2.1ms)[0m  [1mCREATE EXTENSION IF NOT EXISTS "plpgsql"[0m
  [1m[35m (29.4ms)[0m  CREATE TABLE "users" ("id" serial primary key, "email" character varying NOT NULL, "password_digest" character varying NOT NULL, "created_at" timestamp NOT NULL, "updated_at" timestamp NOT NULL, "name" character varying, "phone_number" character varying, "country_code" character varying, "authy_id" character varying) 
  [1m[36m (17.7ms)[0m  [1mCREATE TABLE "schema_migrations" ("version" character varying NOT NULL) [0m
  [1m[35m (1.4ms)[0m  CREATE UNIQUE INDEX  "unique_schema_migrations" ON "schema_migrations"  ("version")
  [1m[36m (0.4ms)[0m  [1mSELECT version FROM "schema_migrations"[0m
  [1m[35m (0.5ms)[0m  INSERT INTO "schema_migrations" (version) VALUES ('20150220171049')
  [1m[36m (0.4ms)[0m  [1mINSERT INTO "schema_migrations" (version) VALUES ('20150219231715')[0m
  [1m[35m (0.3ms)[0m  INSERT INTO "schema_migrations" (version) VALUES ('20150220155337')
  [1m[36m (0.3ms)[0m  [1mINSERT INTO "schema_migrations" (version) VALUES ('20150220161843')[0m
  [1m[35mActiveRecord::SchemaMigration Load (0.4ms)[0m  SELECT "schema_migrations".* FROM "schema_migrations"
  [1m[36mActiveRecord::SchemaMigration Load (0.2ms)[0m  [1mSELECT "schema_migrations".* FROM "schema_migrations"[0m
  [1m[35mActiveRecord::SchemaMigration Load (0.2ms)[0m  SELECT "schema_migrations".* FROM "schema_migrations"
  [1m[36m (4.6ms)[0m  [1mSELECT t2.oid::regclass::text AS to_table, a1.attname AS column, a2.attname AS primary_key, c.conname AS name, c.confupdtype AS on_update, c.confdeltype AS on_delete
FROM pg_constraint c
JOIN pg_class t1 ON c.conrelid = t1.oid
JOIN pg_class t2 ON c.confrelid = t2.oid
JOIN pg_attribute a1 ON a1.attnum = c.conkey[1] AND a1.attrelid = t1.oid
JOIN pg_attribute a2 ON a2.attnum = c.confkey[1] AND a2.attrelid = t2.oid
JOIN pg_namespace t3 ON c.connamespace = t3.oid
WHERE c.contype = 'f'
  AND t1.relname = 'users'
  AND t3.nspname = ANY (current_schemas(false))
ORDER BY c.conname
[0m


Started GET "/" for ::1 at 2015-03-04 14:33:04 -0800
  [1m[36mActiveRecord::SchemaMigration Load (0.5ms)[0m  [1mSELECT "schema_migrations".* FROM "schema_migrations"[0m
Processing by MainController#index as HTML
  Rendered main/index.html.erb within layouts/application (2.2ms)
  [1m[35mUser Load (2.2ms)[0m  SELECT  "users".* FROM "users" WHERE "users"."id" IS NULL LIMIT 1
Completed 500 Internal Server Error in 165ms

ActionView::Template::Error (undefined local variable or method `new_session_path' for #<#<Class:0x007fe3f4e2d878>:0x007fe3f4e36040>):
    21:           <%= link_to "Log out", sessions_destroy_path %>
    22:         <% else %>
    23:           <%= link_to "Sign Up", new_user_path %> or
    24:           <%= link_to "Log in", new_session_path %>
    25:         <% end -%>
    26:       </p>
    27:     </nav>
  app/views/layouts/application.html.erb:24:in `_app_views_layouts_application_html_erb___3796873290090751705_70308496876540'


  Rendered /Users/jreyes/.rvm/gems/ruby-2.1.3/gems/web-console-2.0.0/lib/action_dispatch/templates/rescues/_source.erb (4.3ms)
  Rendered /Users/jreyes/.rvm/gems/ruby-2.1.3/gems/web-console-2.0.0/lib/action_dispatch/templates/rescues/_trace.html.erb (3.2ms)
  Rendered /Users/jreyes/.rvm/gems/ruby-2.1.3/gems/web-console-2.0.0/lib/action_dispatch/templates/rescues/_request_and_response.html.erb (0.8ms)
  Rendered /Users/jreyes/.rvm/gems/ruby-2.1.3/gems/web-console-2.0.0/lib/action_dispatch/templates/rescues/_web_console.html.erb (0.8ms)
  Rendered /Users/jreyes/.rvm/gems/ruby-2.1.3/gems/web-console-2.0.0/lib/action_dispatch/templates/rescues/template_error.html.erb within rescues/layout (27.7ms)


Started GET "/" for ::1 at 2015-03-04 14:34:42 -0800
Processing by MainController#index as HTML
  Rendered main/index.html.erb within layouts/application (0.3ms)
Completed 200 OK in 101ms (Views: 100.4ms | ActiveRecord: 0.0ms)


Started GET "/assets/account-64e62ddc273c2f5847f30d698ca14b67.css?body=1" for ::1 at 2015-03-04 14:34:42 -0800


Started GET "/assets/users-64e62ddc273c2f5847f30d698ca14b67.css?body=1" for ::1 at 2015-03-04 14:34:42 -0800


Started GET "/assets/application-ecb77779919f3b2d9182e36db61ac16e.css?body=1" for ::1 at 2015-03-04 14:34:42 -0800


Started GET "/assets/jquery-87424c3c19e96d4fb033c10ebe21ec40.js?body=1" for ::1 at 2015-03-04 14:34:42 -0800


Started GET "/assets/sessions-64e62ddc273c2f5847f30d698ca14b67.css?body=1" for ::1 at 2015-03-04 14:34:42 -0800


Started GET "/assets/main-64e62ddc273c2f5847f30d698ca14b67.css?body=1" for ::1 at 2015-03-04 14:34:42 -0800


Started GET "/assets/jquery_ujs-e27bd20a10d28155845a22d71ef94f2f.js?body=1" for ::1 at 2015-03-04 14:34:42 -0800


Started GET "/assets/turbolinks-f87b3583ca50adb0488b031297f5580d.js?body=1" for ::1 at 2015-03-04 14:34:42 -0800


Started GET "/assets/account-fcec5b5a277ac7c20cc9f45a209a3bcd.js?body=1" for ::1 at 2015-03-04 14:34:42 -0800


Started GET "/assets/main-fcec5b5a277ac7c20cc9f45a209a3bcd.js?body=1" for ::1 at 2015-03-04 14:34:42 -0800


Started GET "/assets/sessions-fcec5b5a277ac7c20cc9f45a209a3bcd.js?body=1" for ::1 at 2015-03-04 14:34:42 -0800


Started GET "/assets/users-fcec5b5a277ac7c20cc9f45a209a3bcd.js?body=1" for ::1 at 2015-03-04 14:34:43 -0800


Started GET "/assets/application-17e4801155788a176bbbc02f37563650.js?body=1" for ::1 at 2015-03-04 14:34:43 -0800


Started GET "/users/new" for ::1 at 2015-03-04 14:34:48 -0800
Processing by UsersController#new as HTML
  Rendered users/new.html.erb within layouts/application (25.2ms)
Completed 200 OK in 121ms (Views: 97.5ms | ActiveRecord: 4.7ms)


Started POST "/users" for ::1 at 2015-03-04 14:35:24 -0800
Processing by UsersController#create as HTML
  Parameters: {"utf8"=>"✓", "authenticity_token"=>"UGiTi0RD/kjVgyRbltY0++zaN9irYJ/4hPVD+YDgXXh+bmXQf6f1xs/v6R2EpwGO7se9evioyQdFKC4BgNZ61Q==", "user"=>{"name"=>"Jarod Reyes", "email"=>"jarodreyes+test01@gmail.com", "password"=>"[FILTERED]", "country_code"=>"United States", "phone_number"=>"2066505813"}}
  [1m[36m (0.2ms)[0m  [1mBEGIN[0m
  [1m[35mUser Exists (2.9ms)[0m  SELECT  1 AS one FROM "users" WHERE "users"."email" = 'jarodreyes+test01@gmail.com' LIMIT 1
  [1m[36mSQL (19.5ms)[0m  [1mINSERT INTO "users" ("email", "password_digest", "name", "country_code", "phone_number", "created_at", "updated_at") VALUES ($1, $2, $3, $4, $5, $6, $7) RETURNING "id"[0m  [["email", "jarodreyes+test01@gmail.com"], ["password_digest", "$2a$10$KZTB3e9iS9q3E1/ifVdOO.Sxnpa6WxFa9Wpx0WJj.yIl7wqrGSRmS"], ["name", "Jarod Reyes"], ["country_code", "United States"], ["phone_number", "2066505813"], ["created_at", "2015-03-04 22:35:24.686714"], ["updated_at", "2015-03-04 22:35:24.686714"]]
  [1m[35m (1.7ms)[0m  COMMIT
  [1m[36m (0.2ms)[0m  [1mBEGIN[0m
  [1m[35mUser Exists (0.6ms)[0m  SELECT  1 AS one FROM "users" WHERE ("users"."email" = 'jarodreyes+test01@gmail.com' AND "users"."id" != 1) LIMIT 1
  [1m[36m (0.1ms)[0m  [1mCOMMIT[0m
Redirected to http://localhost:3000/users/verify
Completed 302 Found in 646ms (ActiveRecord: 25.3ms)


Started GET "/users/verify" for ::1 at 2015-03-04 14:35:25 -0800
Processing by UsersController#show_verify as HTML
  Rendered users/show_verify.html.erb within layouts/application (1.0ms)
Completed 200 OK in 73ms (Views: 72.7ms | ActiveRecord: 0.0ms)


Started GET "/assets/main-64e62ddc273c2f5847f30d698ca14b67.css?body=1" for ::1 at 2015-03-04 14:35:25 -0800


Started GET "/assets/users-64e62ddc273c2f5847f30d698ca14b67.css?body=1" for ::1 at 2015-03-04 14:35:25 -0800


Started GET "/assets/application-ecb77779919f3b2d9182e36db61ac16e.css?body=1" for ::1 at 2015-03-04 14:35:25 -0800


Started GET "/assets/account-64e62ddc273c2f5847f30d698ca14b67.css?body=1" for ::1 at 2015-03-04 14:35:25 -0800


Started GET "/assets/jquery-87424c3c19e96d4fb033c10ebe21ec40.js?body=1" for ::1 at 2015-03-04 14:35:25 -0800


Started GET "/assets/sessions-64e62ddc273c2f5847f30d698ca14b67.css?body=1" for ::1 at 2015-03-04 14:35:25 -0800


Started GET "/assets/jquery_ujs-e27bd20a10d28155845a22d71ef94f2f.js?body=1" for ::1 at 2015-03-04 14:35:25 -0800


Started GET "/assets/turbolinks-f87b3583ca50adb0488b031297f5580d.js?body=1" for ::1 at 2015-03-04 14:35:25 -0800


Started GET "/assets/account-fcec5b5a277ac7c20cc9f45a209a3bcd.js?body=1" for ::1 at 2015-03-04 14:35:25 -0800


Started GET "/assets/main-fcec5b5a277ac7c20cc9f45a209a3bcd.js?body=1" for ::1 at 2015-03-04 14:35:25 -0800


Started GET "/assets/sessions-fcec5b5a277ac7c20cc9f45a209a3bcd.js?body=1" for ::1 at 2015-03-04 14:35:25 -0800


Started GET "/assets/users-fcec5b5a277ac7c20cc9f45a209a3bcd.js?body=1" for ::1 at 2015-03-04 14:35:25 -0800


Started GET "/assets/application-17e4801155788a176bbbc02f37563650.js?body=1" for ::1 at 2015-03-04 14:35:25 -0800


Started POST "/users/resend" for ::1 at 2015-03-04 14:37:18 -0800
Processing by UsersController#resend as HTML
  Parameters: {"utf8"=>"✓", "authenticity_token"=>"FXtxci1125lqeAXIjN5SBPwlVYz0MEVerF+RpXdR5UM7fYcpFpHQF3AUyI6er2dx/jjfLqf4E6Ftgvxdd2fC7g=="}
  [1m[35mUser Load (1.7ms)[0m  SELECT  "users".* FROM "users" WHERE "users"."id" = $1 LIMIT 1  [["id", 1]]
Redirected to http://localhost:3000/users/verify
Completed 302 Found in 47ms (ActiveRecord: 27.6ms)


Started GET "/users/verify" for ::1 at 2015-03-04 14:37:18 -0800
Processing by UsersController#show_verify as HTML
  Rendered users/show_verify.html.erb within layouts/application (1.6ms)
Completed 200 OK in 83ms (Views: 82.7ms | ActiveRecord: 0.0ms)


Started GET "/assets/account-64e62ddc273c2f5847f30d698ca14b67.css?body=1" for ::1 at 2015-03-04 14:37:18 -0800


Started GET "/assets/main-64e62ddc273c2f5847f30d698ca14b67.css?body=1" for ::1 at 2015-03-04 14:37:18 -0800


Started GET "/assets/jquery_ujs-e27bd20a10d28155845a22d71ef94f2f.js?body=1" for ::1 at 2015-03-04 14:37:18 -0800


Started GET "/assets/sessions-64e62ddc273c2f5847f30d698ca14b67.css?body=1" for ::1 at 2015-03-04 14:37:18 -0800


Started GET "/assets/application-ecb77779919f3b2d9182e36db61ac16e.css?body=1" for ::1 at 2015-03-04 14:37:18 -0800


Started GET "/assets/users-64e62ddc273c2f5847f30d698ca14b67.css?body=1" for ::1 at 2015-03-04 14:37:18 -0800


Started GET "/assets/jquery-87424c3c19e96d4fb033c10ebe21ec40.js?body=1" for ::1 at 2015-03-04 14:37:18 -0800


Started GET "/assets/turbolinks-f87b3583ca50adb0488b031297f5580d.js?body=1" for ::1 at 2015-03-04 14:37:18 -0800


Started GET "/assets/account-fcec5b5a277ac7c20cc9f45a209a3bcd.js?body=1" for ::1 at 2015-03-04 14:37:18 -0800


Started GET "/assets/application-17e4801155788a176bbbc02f37563650.js?body=1" for ::1 at 2015-03-04 14:37:18 -0800


Started GET "/assets/sessions-fcec5b5a277ac7c20cc9f45a209a3bcd.js?body=1" for ::1 at 2015-03-04 14:37:18 -0800


Started GET "/assets/users-fcec5b5a277ac7c20cc9f45a209a3bcd.js?body=1" for ::1 at 2015-03-04 14:37:18 -0800


Started GET "/assets/main-fcec5b5a277ac7c20cc9f45a209a3bcd.js?body=1" for ::1 at 2015-03-04 14:37:18 -0800


Started GET "/users/new" for ::1 at 2015-03-04 14:39:35 -0800
Processing by UsersController#new as HTML
  Rendered users/new.html.erb within layouts/application (4.9ms)
Completed 200 OK in 134ms (Views: 132.9ms | ActiveRecord: 0.0ms)


Started GET "/users/new" for ::1 at 2015-03-04 14:39:54 -0800
  [1m[36mActiveRecord::SchemaMigration Load (1.5ms)[0m  [1mSELECT "schema_migrations".* FROM "schema_migrations"[0m
Processing by UsersController#new as HTML
  Rendered users/new.html.erb within layouts/application (24.7ms)
Completed 200 OK in 233ms (Views: 211.9ms | ActiveRecord: 4.6ms)


Started GET "/assets/main-64e62ddc273c2f5847f30d698ca14b67.css?body=1" for ::1 at 2015-03-04 14:39:55 -0800


Started GET "/assets/account-64e62ddc273c2f5847f30d698ca14b67.css?body=1" for ::1 at 2015-03-04 14:39:55 -0800


Started GET "/assets/sessions-64e62ddc273c2f5847f30d698ca14b67.css?body=1" for ::1 at 2015-03-04 14:39:55 -0800


Started GET "/assets/application-ecb77779919f3b2d9182e36db61ac16e.css?body=1" for ::1 at 2015-03-04 14:39:55 -0800


Started GET "/assets/jquery-87424c3c19e96d4fb033c10ebe21ec40.js?body=1" for ::1 at 2015-03-04 14:39:55 -0800


Started GET "/assets/users-64e62ddc273c2f5847f30d698ca14b67.css?body=1" for ::1 at 2015-03-04 14:39:55 -0800


Started GET "/assets/jquery_ujs-e27bd20a10d28155845a22d71ef94f2f.js?body=1" for ::1 at 2015-03-04 14:39:55 -0800


Started GET "/assets/turbolinks-f87b3583ca50adb0488b031297f5580d.js?body=1" for ::1 at 2015-03-04 14:39:55 -0800


Started GET "/assets/account-fcec5b5a277ac7c20cc9f45a209a3bcd.js?body=1" for ::1 at 2015-03-04 14:39:55 -0800


Started GET "/assets/main-fcec5b5a277ac7c20cc9f45a209a3bcd.js?body=1" for ::1 at 2015-03-04 14:39:55 -0800


Started GET "/assets/sessions-fcec5b5a277ac7c20cc9f45a209a3bcd.js?body=1" for ::1 at 2015-03-04 14:39:55 -0800


Started GET "/assets/users-fcec5b5a277ac7c20cc9f45a209a3bcd.js?body=1" for ::1 at 2015-03-04 14:39:55 -0800


Started GET "/assets/application-17e4801155788a176bbbc02f37563650.js?body=1" for ::1 at 2015-03-04 14:39:55 -0800


Started POST "/users" for ::1 at 2015-03-04 14:40:20 -0800
Processing by UsersController#create as HTML
  Parameters: {"utf8"=>"✓", "authenticity_token"=>"kDQLVBZSQaIWQ4d86CV08ZoILV8bwfP4E0N8EmI9m1G+Mv0PLbZKLAwvSjr6VEGEmBWn/UgJpQfSnhHqYgu8/A==", "user"=>{"name"=>"Jarod Reyes", "email"=>"jarodreyes+test02@gmail.com", "password"=>"[FILTERED]", "country_code"=>"1", "phone_number"=>"2066505813"}}
  [1m[35m (0.1ms)[0m  BEGIN
  [1m[36mUser Exists (1.3ms)[0m  [1mSELECT  1 AS one FROM "users" WHERE "users"."email" = 'jarodreyes+test02@gmail.com' LIMIT 1[0m
  [1m[35mSQL (0.4ms)[0m  INSERT INTO "users" ("email", "password_digest", "name", "country_code", "phone_number", "created_at", "updated_at") VALUES ($1, $2, $3, $4, $5, $6, $7) RETURNING "id"  [["email", "jarodreyes+test02@gmail.com"], ["password_digest", "$2a$10$tYMWVZguCJVO.8NThSy8Aeq5A1ESGcGvtsGwugWw1ZKBjy9581dPe"], ["name", "Jarod Reyes"], ["country_code", "1"], ["phone_number", "2066505813"], ["created_at", "2015-03-04 22:40:20.842532"], ["updated_at", "2015-03-04 22:40:20.842532"]]
  [1m[36m (6.0ms)[0m  [1mCOMMIT[0m
  [1m[35m (0.1ms)[0m  BEGIN
  [1m[36mUser Exists (0.5ms)[0m  [1mSELECT  1 AS one FROM "users" WHERE ("users"."email" = 'jarodreyes+test02@gmail.com' AND "users"."id" != 2) LIMIT 1[0m
  [1m[35mSQL (6.6ms)[0m  UPDATE "users" SET "authy_id" = $1, "updated_at" = $2 WHERE "users"."id" = $3  [["authy_id", "5588010"], ["updated_at", "2015-03-04 22:40:21.325092"], ["id", 2]]
  [1m[36m (4.6ms)[0m  [1mCOMMIT[0m
Redirected to http://localhost:3000/users/verify
Completed 302 Found in 803ms (ActiveRecord: 19.7ms)


Started GET "/users/verify" for ::1 at 2015-03-04 14:40:21 -0800
Processing by UsersController#show_verify as HTML
  Rendered users/show_verify.html.erb within layouts/application (0.9ms)
Completed 200 OK in 55ms (Views: 54.3ms | ActiveRecord: 0.0ms)


Started GET "/assets/main-64e62ddc273c2f5847f30d698ca14b67.css?body=1" for ::1 at 2015-03-04 14:40:21 -0800


Started GET "/assets/users-64e62ddc273c2f5847f30d698ca14b67.css?body=1" for ::1 at 2015-03-04 14:40:21 -0800


Started GET "/assets/sessions-64e62ddc273c2f5847f30d698ca14b67.css?body=1" for ::1 at 2015-03-04 14:40:21 -0800


Started GET "/assets/account-64e62ddc273c2f5847f30d698ca14b67.css?body=1" for ::1 at 2015-03-04 14:40:21 -0800


Started GET "/assets/jquery-87424c3c19e96d4fb033c10ebe21ec40.js?body=1" for ::1 at 2015-03-04 14:40:21 -0800


Started GET "/assets/application-ecb77779919f3b2d9182e36db61ac16e.css?body=1" for ::1 at 2015-03-04 14:40:21 -0800


Started GET "/assets/jquery_ujs-e27bd20a10d28155845a22d71ef94f2f.js?body=1" for ::1 at 2015-03-04 14:40:21 -0800


Started GET "/assets/turbolinks-f87b3583ca50adb0488b031297f5580d.js?body=1" for ::1 at 2015-03-04 14:40:21 -0800


Started GET "/assets/account-fcec5b5a277ac7c20cc9f45a209a3bcd.js?body=1" for ::1 at 2015-03-04 14:40:21 -0800


Started GET "/assets/main-fcec5b5a277ac7c20cc9f45a209a3bcd.js?body=1" for ::1 at 2015-03-04 14:40:21 -0800


Started GET "/assets/sessions-fcec5b5a277ac7c20cc9f45a209a3bcd.js?body=1" for ::1 at 2015-03-04 14:40:21 -0800


Started GET "/assets/users-fcec5b5a277ac7c20cc9f45a209a3bcd.js?body=1" for ::1 at 2015-03-04 14:40:21 -0800


Started GET "/assets/application-17e4801155788a176bbbc02f37563650.js?body=1" for ::1 at 2015-03-04 14:40:21 -0800


Started POST "/users/verify" for ::1 at 2015-03-04 14:40:38 -0800
Processing by UsersController#verify as HTML
  Parameters: {"utf8"=>"✓", "authenticity_token"=>"usSnYTXSkLjxOrAFYFoblQ5E4rzRM4aNOf73LjgAcj+UwlE6DjabNutWfUNyKy7gDFloHoL70HL4I5rWODZVkg==", "token"=>"5063931"}
  [1m[35mUser Load (0.9ms)[0m  SELECT  "users".* FROM "users" WHERE "users"."id" = $1 LIMIT 1  [["id", 2]]
Redirected to http://localhost:3000/users
Completed 302 Found in 416ms (ActiveRecord: 0.9ms)


Started GET "/users" for ::1 at 2015-03-04 14:40:38 -0800

ActionController::RoutingError (No route matches [GET] "/users"):
  web-console (2.0.0) lib/action_dispatch/debug_exceptions.rb:22:in `middleware_call'
  web-console (2.0.0) lib/action_dispatch/debug_exceptions.rb:13:in `call'
  actionpack (4.2.0) lib/action_dispatch/middleware/show_exceptions.rb:30:in `call'
  railties (4.2.0) lib/rails/rack/logger.rb:38:in `call_app'
  railties (4.2.0) lib/rails/rack/logger.rb:20:in `block in call'
  activesupport (4.2.0) lib/active_support/tagged_logging.rb:68:in `block in tagged'
  activesupport (4.2.0) lib/active_support/tagged_logging.rb:26:in `tagged'
  activesupport (4.2.0) lib/active_support/tagged_logging.rb:68:in `tagged'
  railties (4.2.0) lib/rails/rack/logger.rb:20:in `call'
  actionpack (4.2.0) lib/action_dispatch/middleware/request_id.rb:21:in `call'
  rack (1.6.0) lib/rack/methodoverride.rb:22:in `call'
  rack (1.6.0) lib/rack/runtime.rb:18:in `call'
  activesupport (4.2.0) lib/active_support/cache/strategy/local_cache_middleware.rb:28:in `call'
  rack (1.6.0) lib/rack/lock.rb:17:in `call'
  actionpack (4.2.0) lib/action_dispatch/middleware/static.rb:113:in `call'
  rack (1.6.0) lib/rack/sendfile.rb:113:in `call'
  railties (4.2.0) lib/rails/engine.rb:518:in `call'
  railties (4.2.0) lib/rails/application.rb:164:in `call'
  rack (1.6.0) lib/rack/lock.rb:17:in `call'
  rack (1.6.0) lib/rack/content_length.rb:15:in `call'
  rack (1.6.0) lib/rack/handler/webrick.rb:89:in `service'
  /Users/jreyes/.rvm/rubies/ruby-2.1.3/lib/ruby/2.1.0/webrick/httpserver.rb:138:in `service'
  /Users/jreyes/.rvm/rubies/ruby-2.1.3/lib/ruby/2.1.0/webrick/httpserver.rb:94:in `run'
  /Users/jreyes/.rvm/rubies/ruby-2.1.3/lib/ruby/2.1.0/webrick/server.rb:295:in `block in start_thread'


  Rendered /Users/jreyes/.rvm/gems/ruby-2.1.3/gems/web-console-2.0.0/lib/action_dispatch/templates/rescues/_trace.html.erb (1.6ms)
  Rendered /Users/jreyes/.rvm/gems/ruby-2.1.3/gems/web-console-2.0.0/lib/action_dispatch/templates/routes/_route.html.erb (1.1ms)
  Rendered /Users/jreyes/.rvm/gems/ruby-2.1.3/gems/web-console-2.0.0/lib/action_dispatch/templates/routes/_table.html.erb (2.1ms)
  Rendered /Users/jreyes/.rvm/gems/ruby-2.1.3/gems/web-console-2.0.0/lib/action_dispatch/templates/rescues/_request_and_response.html.erb (1.1ms)
  Rendered /Users/jreyes/.rvm/gems/ruby-2.1.3/gems/web-console-2.0.0/lib/action_dispatch/templates/rescues/_web_console.html.erb (0.8ms)
  Rendered /Users/jreyes/.rvm/gems/ruby-2.1.3/gems/web-console-2.0.0/lib/action_dispatch/templates/rescues/routing_error.html.erb within rescues/layout (34.4ms)


Started GET "/user/2" for ::1 at 2015-03-04 14:42:09 -0800

ActionController::RoutingError (No route matches [GET] "/user/2"):
  web-console (2.0.0) lib/action_dispatch/debug_exceptions.rb:22:in `middleware_call'
  web-console (2.0.0) lib/action_dispatch/debug_exceptions.rb:13:in `call'
  actionpack (4.2.0) lib/action_dispatch/middleware/show_exceptions.rb:30:in `call'
  railties (4.2.0) lib/rails/rack/logger.rb:38:in `call_app'
  railties (4.2.0) lib/rails/rack/logger.rb:20:in `block in call'
  activesupport (4.2.0) lib/active_support/tagged_logging.rb:68:in `block in tagged'
  activesupport (4.2.0) lib/active_support/tagged_logging.rb:26:in `tagged'
  activesupport (4.2.0) lib/active_support/tagged_logging.rb:68:in `tagged'
  railties (4.2.0) lib/rails/rack/logger.rb:20:in `call'
  actionpack (4.2.0) lib/action_dispatch/middleware/request_id.rb:21:in `call'
  rack (1.6.0) lib/rack/methodoverride.rb:22:in `call'
  rack (1.6.0) lib/rack/runtime.rb:18:in `call'
  activesupport (4.2.0) lib/active_support/cache/strategy/local_cache_middleware.rb:28:in `call'
  rack (1.6.0) lib/rack/lock.rb:17:in `call'
  actionpack (4.2.0) lib/action_dispatch/middleware/static.rb:113:in `call'
  rack (1.6.0) lib/rack/sendfile.rb:113:in `call'
  railties (4.2.0) lib/rails/engine.rb:518:in `call'
  railties (4.2.0) lib/rails/application.rb:164:in `call'
  rack (1.6.0) lib/rack/lock.rb:17:in `call'
  rack (1.6.0) lib/rack/content_length.rb:15:in `call'
  rack (1.6.0) lib/rack/handler/webrick.rb:89:in `service'
  /Users/jreyes/.rvm/rubies/ruby-2.1.3/lib/ruby/2.1.0/webrick/httpserver.rb:138:in `service'
  /Users/jreyes/.rvm/rubies/ruby-2.1.3/lib/ruby/2.1.0/webrick/httpserver.rb:94:in `run'
  /Users/jreyes/.rvm/rubies/ruby-2.1.3/lib/ruby/2.1.0/webrick/server.rb:295:in `block in start_thread'


  Rendered /Users/jreyes/.rvm/gems/ruby-2.1.3/gems/web-console-2.0.0/lib/action_dispatch/templates/rescues/_trace.html.erb (1.6ms)
  Rendered /Users/jreyes/.rvm/gems/ruby-2.1.3/gems/web-console-2.0.0/lib/action_dispatch/templates/routes/_route.html.erb (0.9ms)
  Rendered /Users/jreyes/.rvm/gems/ruby-2.1.3/gems/web-console-2.0.0/lib/action_dispatch/templates/routes/_table.html.erb (1.5ms)
  Rendered /Users/jreyes/.rvm/gems/ruby-2.1.3/gems/web-console-2.0.0/lib/action_dispatch/templates/rescues/_request_and_response.html.erb (1.0ms)
  Rendered /Users/jreyes/.rvm/gems/ruby-2.1.3/gems/web-console-2.0.0/lib/action_dispatch/templates/rescues/_web_console.html.erb (1.2ms)
  Rendered /Users/jreyes/.rvm/gems/ruby-2.1.3/gems/web-console-2.0.0/lib/action_dispatch/templates/rescues/routing_error.html.erb within rescues/layout (27.6ms)


Started GET "/user/1" for ::1 at 2015-03-04 14:42:42 -0800

ActionController::RoutingError (No route matches [GET] "/user/1"):
  web-console (2.0.0) lib/action_dispatch/debug_exceptions.rb:22:in `middleware_call'
  web-console (2.0.0) lib/action_dispatch/debug_exceptions.rb:13:in `call'
  actionpack (4.2.0) lib/action_dispatch/middleware/show_exceptions.rb:30:in `call'
  railties (4.2.0) lib/rails/rack/logger.rb:38:in `call_app'
  railties (4.2.0) lib/rails/rack/logger.rb:20:in `block in call'
  activesupport (4.2.0) lib/active_support/tagged_logging.rb:68:in `block in tagged'
  activesupport (4.2.0) lib/active_support/tagged_logging.rb:26:in `tagged'
  activesupport (4.2.0) lib/active_support/tagged_logging.rb:68:in `tagged'
  railties (4.2.0) lib/rails/rack/logger.rb:20:in `call'
  actionpack (4.2.0) lib/action_dispatch/middleware/request_id.rb:21:in `call'
  rack (1.6.0) lib/rack/methodoverride.rb:22:in `call'
  rack (1.6.0) lib/rack/runtime.rb:18:in `call'
  activesupport (4.2.0) lib/active_support/cache/strategy/local_cache_middleware.rb:28:in `call'
  rack (1.6.0) lib/rack/lock.rb:17:in `call'
  actionpack (4.2.0) lib/action_dispatch/middleware/static.rb:113:in `call'
  rack (1.6.0) lib/rack/sendfile.rb:113:in `call'
  railties (4.2.0) lib/rails/engine.rb:518:in `call'
  railties (4.2.0) lib/rails/application.rb:164:in `call'
  rack (1.6.0) lib/rack/lock.rb:17:in `call'
  rack (1.6.0) lib/rack/content_length.rb:15:in `call'
  rack (1.6.0) lib/rack/handler/webrick.rb:89:in `service'
  /Users/jreyes/.rvm/rubies/ruby-2.1.3/lib/ruby/2.1.0/webrick/httpserver.rb:138:in `service'
  /Users/jreyes/.rvm/rubies/ruby-2.1.3/lib/ruby/2.1.0/webrick/httpserver.rb:94:in `run'
  /Users/jreyes/.rvm/rubies/ruby-2.1.3/lib/ruby/2.1.0/webrick/server.rb:295:in `block in start_thread'


  Rendered /Users/jreyes/.rvm/gems/ruby-2.1.3/gems/web-console-2.0.0/lib/action_dispatch/templates/rescues/_trace.html.erb (2.6ms)
  Rendered /Users/jreyes/.rvm/gems/ruby-2.1.3/gems/web-console-2.0.0/lib/action_dispatch/templates/routes/_route.html.erb (0.8ms)
  Rendered /Users/jreyes/.rvm/gems/ruby-2.1.3/gems/web-console-2.0.0/lib/action_dispatch/templates/routes/_table.html.erb (0.8ms)
  Rendered /Users/jreyes/.rvm/gems/ruby-2.1.3/gems/web-console-2.0.0/lib/action_dispatch/templates/rescues/_request_and_response.html.erb (1.4ms)
  Rendered /Users/jreyes/.rvm/gems/ruby-2.1.3/gems/web-console-2.0.0/lib/action_dispatch/templates/rescues/_web_console.html.erb (0.8ms)
  Rendered /Users/jreyes/.rvm/gems/ruby-2.1.3/gems/web-console-2.0.0/lib/action_dispatch/templates/rescues/routing_error.html.erb within rescues/layout (24.3ms)
  [1m[36m (25.7ms)[0m  [1mCREATE TABLE "schema_migrations" ("version" character varying NOT NULL) [0m
  [1m[35m (16.6ms)[0m  CREATE UNIQUE INDEX  "unique_schema_migrations" ON "schema_migrations"  ("version")
  [1m[36mActiveRecord::SchemaMigration Load (0.5ms)[0m  [1mSELECT "schema_migrations".* FROM "schema_migrations"[0m
Migrating to CreateUsers (20150219231715)
  [1m[35m (0.1ms)[0m  BEGIN
  [1m[36m (26.9ms)[0m  [1mCREATE TABLE "users" ("id" serial primary key, "email" character varying NOT NULL, "password_digest" character varying NOT NULL, "created_at" timestamp NOT NULL, "updated_at" timestamp NOT NULL) [0m
  [1m[35mSQL (5.5ms)[0m  INSERT INTO "schema_migrations" ("version") VALUES ($1)  [["version", "20150219231715"]]
  [1m[36m (5.7ms)[0m  [1mCOMMIT[0m
Migrating to AddsUserNameToUsers (20150220155337)
  [1m[35m (6.1ms)[0m  BEGIN
  [1m[36m (0.5ms)[0m  [1mALTER TABLE "users" ADD "name" character varying[0m
  [1m[35mSQL (0.2ms)[0m  INSERT INTO "schema_migrations" ("version") VALUES ($1)  [["version", "20150220155337"]]
  [1m[36m (11.4ms)[0m  [1mCOMMIT[0m
Migrating to AddPhoneNumberAndCountryCodeToUsers (20150220161843)
  [1m[35m (0.1ms)[0m  BEGIN
  [1m[36m (0.4ms)[0m  [1mALTER TABLE "users" ADD "phone_number" character varying[0m
  [1m[35m (0.2ms)[0m  ALTER TABLE "users" ADD "country_code" character varying
  [1m[36mSQL (0.1ms)[0m  [1mINSERT INTO "schema_migrations" ("version") VALUES ($1)[0m  [["version", "20150220161843"]]
  [1m[35m (6.0ms)[0m  COMMIT
Migrating to AddAuthyTokenToUsers (20150220171049)
  [1m[36m (0.1ms)[0m  [1mBEGIN[0m
  [1m[35m (0.3ms)[0m  ALTER TABLE "users" ADD "authy_id" character varying
  [1m[36m (33.4ms)[0m  [1mALTER TABLE "users" ADD "verified" boolean DEFAULT 'f'[0m
  [1m[35mSQL (0.7ms)[0m  INSERT INTO "schema_migrations" ("version") VALUES ($1)  [["version", "20150220171049"]]
  [1m[36m (1.1ms)[0m  [1mCOMMIT[0m
  [1m[35mActiveRecord::SchemaMigration Load (0.4ms)[0m  SELECT "schema_migrations".* FROM "schema_migrations"
  [1m[36m (6.8ms)[0m  [1mSELECT t2.oid::regclass::text AS to_table, a1.attname AS column, a2.attname AS primary_key, c.conname AS name, c.confupdtype AS on_update, c.confdeltype AS on_delete
FROM pg_constraint c
JOIN pg_class t1 ON c.conrelid = t1.oid
JOIN pg_class t2 ON c.confrelid = t2.oid
JOIN pg_attribute a1 ON a1.attnum = c.conkey[1] AND a1.attrelid = t1.oid
JOIN pg_attribute a2 ON a2.attnum = c.confkey[1] AND a2.attrelid = t2.oid
JOIN pg_namespace t3 ON c.connamespace = t3.oid
WHERE c.contype = 'f'
  AND t1.relname = 'users'
  AND t3.nspname = ANY (current_schemas(false))
ORDER BY c.conname
[0m


Started GET "/" for ::1 at 2015-03-04 14:48:43 -0800

ActiveRecord::NoDatabaseError (FATAL:  database "account_verification_development" does not exist
):
  activerecord (4.2.0) lib/active_record/connection_adapters/postgresql_adapter.rb:661:in `rescue in connect'
  activerecord (4.2.0) lib/active_record/connection_adapters/postgresql_adapter.rb:651:in `connect'
  activerecord (4.2.0) lib/active_record/connection_adapters/postgresql_adapter.rb:242:in `initialize'
  activerecord (4.2.0) lib/active_record/connection_adapters/postgresql_adapter.rb:44:in `new'
  activerecord (4.2.0) lib/active_record/connection_adapters/postgresql_adapter.rb:44:in `postgresql_connection'
  activerecord (4.2.0) lib/active_record/connection_adapters/abstract/connection_pool.rb:436:in `new_connection'
  activerecord (4.2.0) lib/active_record/connection_adapters/abstract/connection_pool.rb:446:in `checkout_new_connection'
  activerecord (4.2.0) lib/active_record/connection_adapters/abstract/connection_pool.rb:422:in `acquire_connection'
  activerecord (4.2.0) lib/active_record/connection_adapters/abstract/connection_pool.rb:349:in `block in checkout'
  /Users/jreyes/.rvm/rubies/ruby-2.1.3/lib/ruby/2.1.0/monitor.rb:211:in `mon_synchronize'
  activerecord (4.2.0) lib/active_record/connection_adapters/abstract/connection_pool.rb:348:in `checkout'
  activerecord (4.2.0) lib/active_record/connection_adapters/abstract/connection_pool.rb:263:in `block in connection'
  /Users/jreyes/.rvm/rubies/ruby-2.1.3/lib/ruby/2.1.0/monitor.rb:211:in `mon_synchronize'
  activerecord (4.2.0) lib/active_record/connection_adapters/abstract/connection_pool.rb:262:in `connection'
  activerecord (4.2.0) lib/active_record/connection_adapters/abstract/connection_pool.rb:565:in `retrieve_connection'
  activerecord (4.2.0) lib/active_record/connection_handling.rb:113:in `retrieve_connection'
  activerecord (4.2.0) lib/active_record/connection_handling.rb:87:in `connection'
  activerecord (4.2.0) lib/active_record/migration.rb:384:in `connection'
  activerecord (4.2.0) lib/active_record/migration.rb:371:in `call'
  actionpack (4.2.0) lib/action_dispatch/middleware/callbacks.rb:29:in `block in call'
  activesupport (4.2.0) lib/active_support/callbacks.rb:88:in `call'
  activesupport (4.2.0) lib/active_support/callbacks.rb:88:in `_run_callbacks'
  activesupport (4.2.0) lib/active_support/callbacks.rb:734:in `_run_call_callbacks'
  activesupport (4.2.0) lib/active_support/callbacks.rb:81:in `run_callbacks'
  actionpack (4.2.0) lib/action_dispatch/middleware/callbacks.rb:27:in `call'
  actionpack (4.2.0) lib/action_dispatch/middleware/reloader.rb:73:in `call'
  actionpack (4.2.0) lib/action_dispatch/middleware/remote_ip.rb:78:in `call'
  web-console (2.0.0) lib/action_dispatch/debug_exceptions.rb:18:in `middleware_call'
  web-console (2.0.0) lib/action_dispatch/debug_exceptions.rb:13:in `call'
  actionpack (4.2.0) lib/action_dispatch/middleware/show_exceptions.rb:30:in `call'
  railties (4.2.0) lib/rails/rack/logger.rb:38:in `call_app'
  railties (4.2.0) lib/rails/rack/logger.rb:20:in `block in call'
  activesupport (4.2.0) lib/active_support/tagged_logging.rb:68:in `block in tagged'
  activesupport (4.2.0) lib/active_support/tagged_logging.rb:26:in `tagged'
  activesupport (4.2.0) lib/active_support/tagged_logging.rb:68:in `tagged'
  railties (4.2.0) lib/rails/rack/logger.rb:20:in `call'
  actionpack (4.2.0) lib/action_dispatch/middleware/request_id.rb:21:in `call'
  rack (1.6.0) lib/rack/methodoverride.rb:22:in `call'
  rack (1.6.0) lib/rack/runtime.rb:18:in `call'
  activesupport (4.2.0) lib/active_support/cache/strategy/local_cache_middleware.rb:28:in `call'
  rack (1.6.0) lib/rack/lock.rb:17:in `call'
  actionpack (4.2.0) lib/action_dispatch/middleware/static.rb:113:in `call'
  rack (1.6.0) lib/rack/sendfile.rb:113:in `call'
  railties (4.2.0) lib/rails/engine.rb:518:in `call'
  railties (4.2.0) lib/rails/application.rb:164:in `call'
  rack (1.6.0) lib/rack/lock.rb:17:in `call'
  rack (1.6.0) lib/rack/content_length.rb:15:in `call'
  rack (1.6.0) lib/rack/handler/webrick.rb:89:in `service'
  /Users/jreyes/.rvm/rubies/ruby-2.1.3/lib/ruby/2.1.0/webrick/httpserver.rb:138:in `service'
  /Users/jreyes/.rvm/rubies/ruby-2.1.3/lib/ruby/2.1.0/webrick/httpserver.rb:94:in `run'
  /Users/jreyes/.rvm/rubies/ruby-2.1.3/lib/ruby/2.1.0/webrick/server.rb:295:in `block in start_thread'


  Rendered /Users/jreyes/.rvm/gems/ruby-2.1.3/gems/web-console-2.0.0/lib/action_dispatch/templates/rescues/_source.erb (2.4ms)
  Rendered /Users/jreyes/.rvm/gems/ruby-2.1.3/gems/web-console-2.0.0/lib/action_dispatch/templates/rescues/_trace.html.erb (1.4ms)
  Rendered /Users/jreyes/.rvm/gems/ruby-2.1.3/gems/web-console-2.0.0/lib/action_dispatch/templates/rescues/_request_and_response.html.erb (0.8ms)
  Rendered /Users/jreyes/.rvm/gems/ruby-2.1.3/gems/web-console-2.0.0/lib/action_dispatch/templates/rescues/_web_console.html.erb (0.8ms)
  Rendered /Users/jreyes/.rvm/gems/ruby-2.1.3/gems/web-console-2.0.0/lib/action_dispatch/templates/rescues/diagnostics.html.erb within rescues/layout (23.5ms)
  [1m[36m (28.8ms)[0m  [1mCREATE TABLE "schema_migrations" ("version" character varying NOT NULL) [0m
  [1m[35m (18.8ms)[0m  CREATE UNIQUE INDEX  "unique_schema_migrations" ON "schema_migrations"  ("version")
  [1m[36mActiveRecord::SchemaMigration Load (0.3ms)[0m  [1mSELECT "schema_migrations".* FROM "schema_migrations"[0m
Migrating to CreateUsers (20150219231715)
  [1m[35m (0.1ms)[0m  BEGIN
  [1m[36m (27.9ms)[0m  [1mCREATE TABLE "users" ("id" serial primary key, "email" character varying NOT NULL, "password_digest" character varying NOT NULL, "created_at" timestamp NOT NULL, "updated_at" timestamp NOT NULL) [0m
  [1m[35mSQL (6.1ms)[0m  INSERT INTO "schema_migrations" ("version") VALUES ($1)  [["version", "20150219231715"]]
  [1m[36m (12.1ms)[0m  [1mCOMMIT[0m
Migrating to AddsUserNameToUsers (20150220155337)
  [1m[35m (5.5ms)[0m  BEGIN
  [1m[36m (0.5ms)[0m  [1mALTER TABLE "users" ADD "name" character varying[0m
  [1m[35mSQL (0.2ms)[0m  INSERT INTO "schema_migrations" ("version") VALUES ($1)  [["version", "20150220155337"]]
  [1m[36m (6.2ms)[0m  [1mCOMMIT[0m
Migrating to AddPhoneNumberAndCountryCodeToUsers (20150220161843)
  [1m[35m (0.2ms)[0m  BEGIN
  [1m[36m (0.7ms)[0m  [1mALTER TABLE "users" ADD "phone_number" character varying[0m
  [1m[35m (0.2ms)[0m  ALTER TABLE "users" ADD "country_code" character varying
  [1m[36mSQL (0.1ms)[0m  [1mINSERT INTO "schema_migrations" ("version") VALUES ($1)[0m  [["version", "20150220161843"]]
  [1m[35m (5.3ms)[0m  COMMIT
Migrating to AddAuthyTokenToUsers (20150220171049)
  [1m[36m (0.1ms)[0m  [1mBEGIN[0m
  [1m[35m (0.3ms)[0m  ALTER TABLE "users" ADD "authy_id" character varying
  [1m[36m (16.2ms)[0m  [1mALTER TABLE "users" ADD "verified" boolean DEFAULT 'f'[0m
  [1m[35mSQL (0.1ms)[0m  INSERT INTO "schema_migrations" ("version") VALUES ($1)  [["version", "20150220171049"]]
  [1m[36m (5.9ms)[0m  [1mCOMMIT[0m
  [1m[35mActiveRecord::SchemaMigration Load (0.5ms)[0m  SELECT "schema_migrations".* FROM "schema_migrations"
  [1m[36m (4.0ms)[0m  [1mSELECT t2.oid::regclass::text AS to_table, a1.attname AS column, a2.attname AS primary_key, c.conname AS name, c.confupdtype AS on_update, c.confdeltype AS on_delete
FROM pg_constraint c
JOIN pg_class t1 ON c.conrelid = t1.oid
JOIN pg_class t2 ON c.confrelid = t2.oid
JOIN pg_attribute a1 ON a1.attnum = c.conkey[1] AND a1.attrelid = t1.oid
JOIN pg_attribute a2 ON a2.attnum = c.confkey[1] AND a2.attrelid = t2.oid
JOIN pg_namespace t3 ON c.connamespace = t3.oid
WHERE c.contype = 'f'
  AND t1.relname = 'users'
  AND t3.nspname = ANY (current_schemas(false))
ORDER BY c.conname
[0m


Started GET "/" for ::1 at 2015-03-04 14:50:27 -0800
  [1m[36mActiveRecord::SchemaMigration Load (0.6ms)[0m  [1mSELECT "schema_migrations".* FROM "schema_migrations"[0m
Processing by MainController#index as HTML
  Rendered main/index.html.erb within layouts/application (1.7ms)
Completed 200 OK in 166ms (Views: 157.5ms | ActiveRecord: 0.0ms)


Started GET "/assets/account-64e62ddc273c2f5847f30d698ca14b67.css?body=1" for ::1 at 2015-03-04 14:50:27 -0800


Started GET "/assets/sessions-64e62ddc273c2f5847f30d698ca14b67.css?body=1" for ::1 at 2015-03-04 14:50:27 -0800


Started GET "/assets/main-64e62ddc273c2f5847f30d698ca14b67.css?body=1" for ::1 at 2015-03-04 14:50:27 -0800


Started GET "/assets/users-64e62ddc273c2f5847f30d698ca14b67.css?body=1" for ::1 at 2015-03-04 14:50:27 -0800


Started GET "/assets/application-ecb77779919f3b2d9182e36db61ac16e.css?body=1" for ::1 at 2015-03-04 14:50:28 -0800


Started GET "/assets/jquery-87424c3c19e96d4fb033c10ebe21ec40.js?body=1" for ::1 at 2015-03-04 14:50:28 -0800


Started GET "/assets/jquery_ujs-e27bd20a10d28155845a22d71ef94f2f.js?body=1" for ::1 at 2015-03-04 14:50:28 -0800


Started GET "/assets/turbolinks-f87b3583ca50adb0488b031297f5580d.js?body=1" for ::1 at 2015-03-04 14:50:28 -0800


Started GET "/assets/account-fcec5b5a277ac7c20cc9f45a209a3bcd.js?body=1" for ::1 at 2015-03-04 14:50:28 -0800


Started GET "/assets/main-fcec5b5a277ac7c20cc9f45a209a3bcd.js?body=1" for ::1 at 2015-03-04 14:50:28 -0800


Started GET "/assets/sessions-fcec5b5a277ac7c20cc9f45a209a3bcd.js?body=1" for ::1 at 2015-03-04 14:50:28 -0800


Started GET "/assets/application-17e4801155788a176bbbc02f37563650.js?body=1" for ::1 at 2015-03-04 14:50:28 -0800


Started GET "/assets/users-fcec5b5a277ac7c20cc9f45a209a3bcd.js?body=1" for ::1 at 2015-03-04 14:50:28 -0800


Started GET "/users/new" for ::1 at 2015-03-04 14:50:30 -0800
Processing by UsersController#new as HTML
  Rendered users/new.html.erb within layouts/application (17.6ms)
Completed 200 OK in 86ms (Views: 75.6ms | ActiveRecord: 3.7ms)


Started POST "/users" for ::1 at 2015-03-04 14:51:17 -0800
Processing by UsersController#create as HTML
  Parameters: {"utf8"=>"✓", "authenticity_token"=>"dQVhx9qsc1t4xodtzyGY00n9qahCu4gpwsL6ImRDSLFbA5ec4Uh41WKqSivdUK2mS+AjChFz3tYDH5faZHVvHA==", "user"=>{"name"=>"Jarod Reyes", "email"=>"jarodreyes+test03@gmail.com", "password"=>"[FILTERED]", "country_code"=>"United States", "phone_number"=>"2066505813"}}
  [1m[35m (0.2ms)[0m  BEGIN
  [1m[36mUser Exists (7.1ms)[0m  [1mSELECT  1 AS one FROM "users" WHERE "users"."email" = 'jarodreyes+test03@gmail.com' LIMIT 1[0m
  [1m[35mSQL (6.5ms)[0m  INSERT INTO "users" ("email", "password_digest", "name", "country_code", "phone_number", "created_at", "updated_at") VALUES ($1, $2, $3, $4, $5, $6, $7) RETURNING "id"  [["email", "jarodreyes+test03@gmail.com"], ["password_digest", "$2a$10$YNtb548f4XsrAiEfiO/JC.C84.K9KCQlHvur89qTYhNCx0/Q4mFhO"], ["name", "Jarod Reyes"], ["country_code", "United States"], ["phone_number", "2066505813"], ["created_at", "2015-03-04 22:51:17.146325"], ["updated_at", "2015-03-04 22:51:17.146325"]]
  [1m[36m (8.4ms)[0m  [1mCOMMIT[0m
  [1m[35m (0.1ms)[0m  BEGIN
  [1m[36mUser Exists (0.4ms)[0m  [1mSELECT  1 AS one FROM "users" WHERE ("users"."email" = 'jarodreyes+test03@gmail.com' AND "users"."id" != 1) LIMIT 1[0m
  [1m[35m (0.1ms)[0m  COMMIT
Redirected to http://localhost:3000/users/verify
Completed 302 Found in 595ms (ActiveRecord: 23.0ms)


Started GET "/users/verify" for ::1 at 2015-03-04 14:51:17 -0800
Processing by UsersController#show_verify as HTML
  Rendered users/show_verify.html.erb within layouts/application (1.5ms)
Completed 200 OK in 83ms (Views: 82.7ms | ActiveRecord: 0.0ms)


Started GET "/assets/account-64e62ddc273c2f5847f30d698ca14b67.css?body=1" for ::1 at 2015-03-04 14:51:17 -0800


Started GET "/assets/main-64e62ddc273c2f5847f30d698ca14b67.css?body=1" for ::1 at 2015-03-04 14:51:17 -0800


Started GET "/assets/sessions-64e62ddc273c2f5847f30d698ca14b67.css?body=1" for ::1 at 2015-03-04 14:51:17 -0800


Started GET "/assets/jquery_ujs-e27bd20a10d28155845a22d71ef94f2f.js?body=1" for ::1 at 2015-03-04 14:51:17 -0800


Started GET "/assets/jquery-87424c3c19e96d4fb033c10ebe21ec40.js?body=1" for ::1 at 2015-03-04 14:51:17 -0800


Started GET "/assets/application-ecb77779919f3b2d9182e36db61ac16e.css?body=1" for ::1 at 2015-03-04 14:51:17 -0800


Started GET "/assets/users-64e62ddc273c2f5847f30d698ca14b67.css?body=1" for ::1 at 2015-03-04 14:51:17 -0800


Started GET "/assets/turbolinks-f87b3583ca50adb0488b031297f5580d.js?body=1" for ::1 at 2015-03-04 14:51:17 -0800


Started GET "/assets/account-fcec5b5a277ac7c20cc9f45a209a3bcd.js?body=1" for ::1 at 2015-03-04 14:51:17 -0800


Started GET "/assets/main-fcec5b5a277ac7c20cc9f45a209a3bcd.js?body=1" for ::1 at 2015-03-04 14:51:18 -0800


Started GET "/assets/sessions-fcec5b5a277ac7c20cc9f45a209a3bcd.js?body=1" for ::1 at 2015-03-04 14:51:18 -0800


Started GET "/assets/users-fcec5b5a277ac7c20cc9f45a209a3bcd.js?body=1" for ::1 at 2015-03-04 14:51:18 -0800


Started GET "/assets/application-17e4801155788a176bbbc02f37563650.js?body=1" for ::1 at 2015-03-04 14:51:18 -0800


Started GET "/users/new" for ::1 at 2015-03-04 14:52:48 -0800
Processing by UsersController#new as HTML
  Rendered users/new.html.erb within layouts/application (2.7ms)
Completed 200 OK in 79ms (Views: 78.7ms | ActiveRecord: 0.0ms)


Started GET "/assets/account-64e62ddc273c2f5847f30d698ca14b67.css?body=1" for ::1 at 2015-03-04 14:52:48 -0800


Started GET "/assets/main-64e62ddc273c2f5847f30d698ca14b67.css?body=1" for ::1 at 2015-03-04 14:52:48 -0800


Started GET "/assets/sessions-64e62ddc273c2f5847f30d698ca14b67.css?body=1" for ::1 at 2015-03-04 14:52:48 -0800


Started GET "/assets/application-ecb77779919f3b2d9182e36db61ac16e.css?body=1" for ::1 at 2015-03-04 14:52:48 -0800


Started GET "/assets/jquery_ujs-e27bd20a10d28155845a22d71ef94f2f.js?body=1" for ::1 at 2015-03-04 14:52:48 -0800


Started GET "/assets/users-64e62ddc273c2f5847f30d698ca14b67.css?body=1" for ::1 at 2015-03-04 14:52:48 -0800


Started GET "/assets/jquery-87424c3c19e96d4fb033c10ebe21ec40.js?body=1" for ::1 at 2015-03-04 14:52:48 -0800


Started GET "/assets/turbolinks-f87b3583ca50adb0488b031297f5580d.js?body=1" for ::1 at 2015-03-04 14:52:48 -0800


Started GET "/assets/account-fcec5b5a277ac7c20cc9f45a209a3bcd.js?body=1" for ::1 at 2015-03-04 14:52:48 -0800


Started GET "/assets/main-fcec5b5a277ac7c20cc9f45a209a3bcd.js?body=1" for ::1 at 2015-03-04 14:52:48 -0800


Started GET "/assets/sessions-fcec5b5a277ac7c20cc9f45a209a3bcd.js?body=1" for ::1 at 2015-03-04 14:52:48 -0800


Started GET "/assets/users-fcec5b5a277ac7c20cc9f45a209a3bcd.js?body=1" for ::1 at 2015-03-04 14:52:48 -0800


Started GET "/assets/application-17e4801155788a176bbbc02f37563650.js?body=1" for ::1 at 2015-03-04 14:52:48 -0800


Started POST "/users" for ::1 at 2015-03-04 14:55:50 -0800
Processing by UsersController#create as HTML
  Parameters: {"utf8"=>"✓", "authenticity_token"=>"IY6jZZ4zu/Md07jstnOI9LMFV+eYUIVcv/hJFdPFHKsPiFU+pdewfQe/daqkAr2BsRjdRcuY06N+JSTt0/M7Bg==", "user"=>{"name"=>"Jarod Reyes", "email"=>"jarodreyes+test04@gmail.com", "password"=>"[FILTERED]", "country_code"=>"1", "phone_number"=>"2066505813"}}
  [1m[36m (0.1ms)[0m  [1mBEGIN[0m
  [1m[35mUser Exists (0.4ms)[0m  SELECT  1 AS one FROM "users" WHERE "users"."email" = 'jarodreyes+test04@gmail.com' LIMIT 1
  [1m[36mSQL (0.3ms)[0m  [1mINSERT INTO "users" ("email", "password_digest", "name", "country_code", "phone_number", "created_at", "updated_at") VALUES ($1, $2, $3, $4, $5, $6, $7) RETURNING "id"[0m  [["email", "jarodreyes+test04@gmail.com"], ["password_digest", "$2a$10$pvqi.NTpL.A/GevwpHvYhen/zkkS6JoOg6JjhbFPsyph9/isC8JuK"], ["name", "Jarod Reyes"], ["country_code", "1"], ["phone_number", "2066505813"], ["created_at", "2015-03-04 22:55:50.709061"], ["updated_at", "2015-03-04 22:55:50.709061"]]
  [1m[35m (1.2ms)[0m  COMMIT
  [1m[36m (0.1ms)[0m  [1mBEGIN[0m
  [1m[35mUser Exists (0.3ms)[0m  SELECT  1 AS one FROM "users" WHERE ("users"."email" = 'jarodreyes+test04@gmail.com' AND "users"."id" != 2) LIMIT 1
  [1m[36mSQL (0.4ms)[0m  [1mUPDATE "users" SET "authy_id" = $1, "updated_at" = $2 WHERE "users"."id" = $3[0m  [["authy_id", "5588010"], ["updated_at", "2015-03-04 22:55:51.189366"], ["id", 2]]
  [1m[35m (5.3ms)[0m  COMMIT
Redirected to http://localhost:3000/users/verify
Completed 302 Found in 744ms (ActiveRecord: 8.3ms)


Started GET "/users/verify" for ::1 at 2015-03-04 14:55:51 -0800
Processing by UsersController#show_verify as HTML
  Rendered users/show_verify.html.erb within layouts/application (0.5ms)
Completed 200 OK in 90ms (Views: 89.6ms | ActiveRecord: 0.0ms)


Started GET "/assets/account-64e62ddc273c2f5847f30d698ca14b67.css?body=1" for ::1 at 2015-03-04 14:55:51 -0800


Started GET "/assets/main-64e62ddc273c2f5847f30d698ca14b67.css?body=1" for ::1 at 2015-03-04 14:55:51 -0800


Started GET "/assets/sessions-64e62ddc273c2f5847f30d698ca14b67.css?body=1" for ::1 at 2015-03-04 14:55:51 -0800


Started GET "/assets/users-64e62ddc273c2f5847f30d698ca14b67.css?body=1" for ::1 at 2015-03-04 14:55:51 -0800


Started GET "/assets/application-ecb77779919f3b2d9182e36db61ac16e.css?body=1" for ::1 at 2015-03-04 14:55:51 -0800


Started GET "/assets/jquery-87424c3c19e96d4fb033c10ebe21ec40.js?body=1" for ::1 at 2015-03-04 14:55:51 -0800


Started GET "/assets/jquery_ujs-e27bd20a10d28155845a22d71ef94f2f.js?body=1" for ::1 at 2015-03-04 14:55:51 -0800


Started GET "/assets/turbolinks-f87b3583ca50adb0488b031297f5580d.js?body=1" for ::1 at 2015-03-04 14:55:51 -0800


Started GET "/assets/application-bc105cf26f847567b5eae624a793b626.js?body=1" for ::1 at 2015-03-04 14:55:51 -0800


Started POST "/users/verify" for ::1 at 2015-03-04 14:56:02 -0800
Processing by UsersController#verify as HTML
  Parameters: {"utf8"=>"✓", "authenticity_token"=>"koSMo6VDwzAHBZdaqECvm4fl7lDXnm5IB7xJYkN0/ES8gnr4nqfIvh1pWhy6MZruhfhk8oRWOLfGYSSaQ0Lb6Q==", "token"=>"8702418"}
  [1m[36mUser Load (0.3ms)[0m  [1mSELECT  "users".* FROM "users" WHERE "users"."id" = $1 LIMIT 1[0m  [["id", 2]]
Redirected to http://localhost:3000/users/2
Completed 302 Found in 157ms (ActiveRecord: 0.3ms)


Started GET "/users/2" for ::1 at 2015-03-04 14:56:02 -0800
Processing by UsersController#show as HTML
  Parameters: {"id"=>"2"}
  [1m[35mUser Load (0.3ms)[0m  SELECT  "users".* FROM "users" WHERE "users"."id" = $1 LIMIT 1  [["id", 2]]
  Rendered users/show.html.erb within layouts/application (19.4ms)
Completed 500 Internal Server Error in 24ms

ActionView::Template::Error (undefined local variable or method `verify_user_path' for #<#<Class:0x007f970be75cd0>:0x007f970f95c8a8>):
    2: <p>Account Status: <% if @user.verified? %>Verified<% else -%>Not Verified<% end -%>
    3: <% if !@user.verified? %>
    4: <p>
    5:   <%= link_to "Verify your account now.", verify_user_path %>
    6: </p>
    7: <% end -%>
  app/views/users/show.html.erb:5:in `_app_views_users_show_html_erb___2804153657129184695_70143389118120'


  Rendered /Users/jreyes/.rvm/gems/ruby-2.1.3/gems/web-console-2.0.0/lib/action_dispatch/templates/rescues/_source.erb (5.5ms)
  Rendered /Users/jreyes/.rvm/gems/ruby-2.1.3/gems/web-console-2.0.0/lib/action_dispatch/templates/rescues/_trace.html.erb (2.0ms)
  Rendered /Users/jreyes/.rvm/gems/ruby-2.1.3/gems/web-console-2.0.0/lib/action_dispatch/templates/rescues/_request_and_response.html.erb (0.8ms)
  Rendered /Users/jreyes/.rvm/gems/ruby-2.1.3/gems/web-console-2.0.0/lib/action_dispatch/templates/rescues/_web_console.html.erb (0.7ms)
  Rendered /Users/jreyes/.rvm/gems/ruby-2.1.3/gems/web-console-2.0.0/lib/action_dispatch/templates/rescues/template_error.html.erb within rescues/layout (26.1ms)


Started GET "/users/2" for ::1 at 2015-03-04 14:57:54 -0800
Processing by UsersController#show as HTML
  Parameters: {"id"=>"2"}
  [1m[36mUser Load (0.4ms)[0m  [1mSELECT  "users".* FROM "users" WHERE "users"."id" = $1 LIMIT 1[0m  [["id", 2]]
  Rendered users/show.html.erb within layouts/application (0.6ms)
Completed 200 OK in 104ms (Views: 93.6ms | ActiveRecord: 3.0ms)


Started GET "/assets/account-64e62ddc273c2f5847f30d698ca14b67.css?body=1" for ::1 at 2015-03-04 14:57:54 -0800


Started GET "/assets/sessions-64e62ddc273c2f5847f30d698ca14b67.css?body=1" for ::1 at 2015-03-04 14:57:54 -0800


Started GET "/assets/main-64e62ddc273c2f5847f30d698ca14b67.css?body=1" for ::1 at 2015-03-04 14:57:54 -0800


Started GET "/assets/users-64e62ddc273c2f5847f30d698ca14b67.css?body=1" for ::1 at 2015-03-04 14:57:54 -0800


Started GET "/assets/application-ecb77779919f3b2d9182e36db61ac16e.css?body=1" for ::1 at 2015-03-04 14:57:54 -0800


Started GET "/assets/jquery-87424c3c19e96d4fb033c10ebe21ec40.js?body=1" for ::1 at 2015-03-04 14:57:54 -0800


Started GET "/assets/jquery_ujs-e27bd20a10d28155845a22d71ef94f2f.js?body=1" for ::1 at 2015-03-04 14:57:54 -0800


Started GET "/assets/turbolinks-f87b3583ca50adb0488b031297f5580d.js?body=1" for ::1 at 2015-03-04 14:57:54 -0800


Started GET "/assets/application-bc105cf26f847567b5eae624a793b626.js?body=1" for ::1 at 2015-03-04 14:57:54 -0800


Started GET "/users/2" for ::1 at 2015-03-04 14:58:47 -0800
Processing by UsersController#show as HTML
  Parameters: {"id"=>"2"}
  [1m[35mUser Load (0.4ms)[0m  SELECT  "users".* FROM "users" WHERE "users"."id" = $1 LIMIT 1  [["id", 2]]
  Rendered users/show.html.erb within layouts/application (0.4ms)
Completed 200 OK in 54ms (Views: 52.8ms | ActiveRecord: 0.4ms)


Started GET "/assets/account-64e62ddc273c2f5847f30d698ca14b67.css?body=1" for ::1 at 2015-03-04 14:58:47 -0800


Started GET "/assets/main-64e62ddc273c2f5847f30d698ca14b67.css?body=1" for ::1 at 2015-03-04 14:58:47 -0800


Started GET "/assets/jquery_ujs-e27bd20a10d28155845a22d71ef94f2f.js?body=1" for ::1 at 2015-03-04 14:58:47 -0800


Started GET "/assets/sessions-64e62ddc273c2f5847f30d698ca14b67.css?body=1" for ::1 at 2015-03-04 14:58:47 -0800


Started GET "/assets/users-64e62ddc273c2f5847f30d698ca14b67.css?body=1" for ::1 at 2015-03-04 14:58:47 -0800


Started GET "/assets/jquery-87424c3c19e96d4fb033c10ebe21ec40.js?body=1" for ::1 at 2015-03-04 14:58:47 -0800


Started GET "/assets/application-ecb77779919f3b2d9182e36db61ac16e.css?body=1" for ::1 at 2015-03-04 14:58:47 -0800


Started GET "/assets/turbolinks-f87b3583ca50adb0488b031297f5580d.js?body=1" for ::1 at 2015-03-04 14:58:47 -0800


Started GET "/assets/application-bc105cf26f847567b5eae624a793b626.js?body=1" for ::1 at 2015-03-04 14:58:47 -0800


Started GET "/users/new" for ::1 at 2015-03-04 14:58:58 -0800
Processing by UsersController#new as HTML
  Rendered users/new.html.erb within layouts/application (1.5ms)
Completed 200 OK in 40ms (Views: 39.5ms | ActiveRecord: 0.0ms)


Started GET "/assets/account-64e62ddc273c2f5847f30d698ca14b67.css?body=1" for ::1 at 2015-03-04 14:59:24 -0800


Started GET "/assets/main-64e62ddc273c2f5847f30d698ca14b67.css?body=1" for ::1 at 2015-03-04 14:59:24 -0800


Started GET "/assets/application-ecb77779919f3b2d9182e36db61ac16e.css?body=1" for ::1 at 2015-03-04 14:59:24 -0800


Started GET "/assets/users-64e62ddc273c2f5847f30d698ca14b67.css?body=1" for ::1 at 2015-03-04 14:59:24 -0800


Started GET "/assets/sessions-64e62ddc273c2f5847f30d698ca14b67.css?body=1" for ::1 at 2015-03-04 14:59:24 -0800


Started POST "/users" for ::1 at 2015-03-04 14:59:48 -0800
Processing by UsersController#create as HTML
  Parameters: {"utf8"=>"✓", "authenticity_token"=>"ydVbNG8riyO2PYfnjgIe5PEG7H/R5tqUHrmMmdNo6TPn061vVM+AraxRSqGccyuR8xtm3YIujGvfZOFh017Ong==", "user"=>{"name"=>"Jarod Reyes", "email"=>"jarodreyes+test04@gmail.com", "password"=>"[FILTERED]", "country_code"=>"1", "phone_number"=>"2066505813"}}
  [1m[36m (0.1ms)[0m  [1mBEGIN[0m
  [1m[35mUser Exists (0.4ms)[0m  SELECT  1 AS one FROM "users" WHERE "users"."email" = 'jarodreyes+test04@gmail.com' LIMIT 1
  [1m[36m (0.1ms)[0m  [1mROLLBACK[0m
  Rendered users/new.html.erb within layouts/application (3.4ms)
Completed 200 OK in 151ms (Views: 64.1ms | ActiveRecord: 0.7ms)


Started GET "/assets/main-64e62ddc273c2f5847f30d698ca14b67.css?body=1" for ::1 at 2015-03-04 14:59:48 -0800


Started GET "/assets/sessions-64e62ddc273c2f5847f30d698ca14b67.css?body=1" for ::1 at 2015-03-04 14:59:48 -0800


Started GET "/assets/users-64e62ddc273c2f5847f30d698ca14b67.css?body=1" for ::1 at 2015-03-04 14:59:48 -0800


Started GET "/assets/application-ecb77779919f3b2d9182e36db61ac16e.css?body=1" for ::1 at 2015-03-04 14:59:48 -0800


Started GET "/assets/jquery_ujs-e27bd20a10d28155845a22d71ef94f2f.js?body=1" for ::1 at 2015-03-04 14:59:48 -0800


Started GET "/assets/jquery-87424c3c19e96d4fb033c10ebe21ec40.js?body=1" for ::1 at 2015-03-04 14:59:48 -0800


Started GET "/assets/turbolinks-f87b3583ca50adb0488b031297f5580d.js?body=1" for ::1 at 2015-03-04 14:59:48 -0800


Started GET "/assets/application-bc105cf26f847567b5eae624a793b626.js?body=1" for ::1 at 2015-03-04 14:59:48 -0800


Started GET "/assets/account-64e62ddc273c2f5847f30d698ca14b67.css?body=1" for ::1 at 2015-03-04 14:59:48 -0800


Started POST "/users" for ::1 at 2015-03-04 15:00:22 -0800
Processing by UsersController#create as HTML
  Parameters: {"utf8"=>"✓", "authenticity_token"=>"ragXRgencQd5xHFv5Fk2/H5njYFIvmniw2CkaCIHnkWDruEdPEN6iWOovCn2KAOJfHoHIxt2Px0CvcmQIjG56A==", "user"=>{"name"=>"Jarod Reyes", "email"=>"jarodreyes+test05@gmail.com", "password"=>"[FILTERED]", "country_code"=>"1", "phone_number"=>"2066505813"}}
  [1m[35m (0.1ms)[0m  BEGIN
  [1m[36mUser Exists (0.3ms)[0m  [1mSELECT  1 AS one FROM "users" WHERE "users"."email" = 'jarodreyes+test05@gmail.com' LIMIT 1[0m
  [1m[35mSQL (0.3ms)[0m  INSERT INTO "users" ("email", "password_digest", "name", "country_code", "phone_number", "created_at", "updated_at") VALUES ($1, $2, $3, $4, $5, $6, $7) RETURNING "id"  [["email", "jarodreyes+test05@gmail.com"], ["password_digest", "$2a$10$.lAlrRlavIJ5zNfDeOnTGeTk74sdXcrTi53K3KHRGunmtvyUfdGo6"], ["name", "Jarod Reyes"], ["country_code", "1"], ["phone_number", "2066505813"], ["created_at", "2015-03-04 23:00:22.871390"], ["updated_at", "2015-03-04 23:00:22.871390"]]
  [1m[36m (1.7ms)[0m  [1mCOMMIT[0m
  [1m[35m (0.1ms)[0m  BEGIN
  [1m[36mUser Exists (0.3ms)[0m  [1mSELECT  1 AS one FROM "users" WHERE ("users"."email" = 'jarodreyes+test05@gmail.com' AND "users"."id" != 3) LIMIT 1[0m
  [1m[35mSQL (0.4ms)[0m  UPDATE "users" SET "authy_id" = $1, "updated_at" = $2 WHERE "users"."id" = $3  [["authy_id", "5588010"], ["updated_at", "2015-03-04 23:00:23.378918"], ["id", 3]]
  [1m[36m (1.0ms)[0m  [1mCOMMIT[0m
Redirected to http://localhost:3000/users/verify
Completed 302 Found in 772ms (ActiveRecord: 4.3ms)


Started GET "/users/verify" for ::1 at 2015-03-04 15:00:23 -0800
Processing by UsersController#show_verify as HTML
  Rendered users/show_verify.html.erb within layouts/application (0.5ms)
Completed 200 OK in 46ms (Views: 45.4ms | ActiveRecord: 0.0ms)


Started POST "/users/verify" for ::1 at 2015-03-04 15:00:39 -0800
Processing by UsersController#verify as HTML
  Parameters: {"utf8"=>"✓", "authenticity_token"=>"DvGWQBhWIV3qY4z4zovo07U/dnf/h8KJb2hMwq3VU7wg92AbI7Iq0/APQb7c+t2mtyL81axPlHautSE6reN0EQ==", "token"=>"7265560"}
  [1m[35mUser Load (0.6ms)[0m  SELECT  "users".* FROM "users" WHERE "users"."id" = $1 LIMIT 1  [["id", 3]]
  [1m[36m (0.1ms)[0m  [1mBEGIN[0m
  [1m[35mUser Exists (0.4ms)[0m  SELECT  1 AS one FROM "users" WHERE ("users"."email" = 'jarodreyes+test05@gmail.com' AND "users"."id" != 3) LIMIT 1
  [1m[36mSQL (0.2ms)[0m  [1mUPDATE "users" SET "verified" = $1, "updated_at" = $2 WHERE "users"."id" = $3[0m  [["verified", "t"], ["updated_at", "2015-03-04 23:00:39.477818"], ["id", 3]]
  [1m[35m (0.4ms)[0m  COMMIT
Redirected to http://localhost:3000/users/3
Completed 302 Found in 466ms (ActiveRecord: 1.7ms)


Started GET "/users/3" for ::1 at 2015-03-04 15:00:39 -0800
Processing by UsersController#show as HTML
  Parameters: {"id"=>"3"}
  [1m[36mUser Load (0.4ms)[0m  [1mSELECT  "users".* FROM "users" WHERE "users"."id" = $1 LIMIT 1[0m  [["id", 3]]
  Rendered users/show.html.erb within layouts/application (0.1ms)
Completed 200 OK in 59ms (Views: 58.2ms | ActiveRecord: 0.4ms)


Started GET "/users/new" for ::1 at 2015-03-04 15:18:37 -0800
Processing by UsersController#new as HTML
  Rendered users/new.html.erb within layouts/application (6.4ms)
Completed 200 OK in 117ms (Views: 93.3ms | ActiveRecord: 3.6ms)


Started POST "/users" for ::1 at 2015-03-04 15:19:36 -0800
Processing by UsersController#create as HTML
  Parameters: {"utf8"=>"✓", "authenticity_token"=>"izULWOqMqgiwzRRFCX4muqzydm3eYxo1kkr6F8kMaB2lM/0D0Wihhqqh2QMbDxPPru/8z42rTMpTl5fvyTpPsA==", "user"=>{"name"=>"Jarod Reyes", "email"=>"jarodreyes+test06@gmail.com", "password"=>"[FILTERED]", "country_code"=>"1", "phone_number"=>"2066505813"}}
  [1m[35m (0.2ms)[0m  BEGIN
  [1m[36mUser Exists (0.5ms)[0m  [1mSELECT  1 AS one FROM "users" WHERE "users"."email" = 'jarodreyes+test06@gmail.com' LIMIT 1[0m
  [1m[35mSQL (0.4ms)[0m  INSERT INTO "users" ("email", "password_digest", "name", "country_code", "phone_number", "created_at", "updated_at") VALUES ($1, $2, $3, $4, $5, $6, $7) RETURNING "id"  [["email", "jarodreyes+test06@gmail.com"], ["password_digest", "$2a$10$QyCmROTOUZ4Fua3X6Q2ThOlulF2zv1buEj5fGaN1OGxuyas3k.bzS"], ["name", "Jarod Reyes"], ["country_code", "1"], ["phone_number", "2066505813"], ["created_at", "2015-03-04 23:19:36.709782"], ["updated_at", "2015-03-04 23:19:36.709782"]]
  [1m[36m (1.8ms)[0m  [1mCOMMIT[0m
  [1m[35m (0.1ms)[0m  BEGIN
  [1m[36mUser Exists (0.4ms)[0m  [1mSELECT  1 AS one FROM "users" WHERE ("users"."email" = 'jarodreyes+test06@gmail.com' AND "users"."id" != 4) LIMIT 1[0m
  [1m[35mSQL (0.6ms)[0m  UPDATE "users" SET "authy_id" = $1, "updated_at" = $2 WHERE "users"."id" = $3  [["authy_id", "5588010"], ["updated_at", "2015-03-04 23:19:37.206254"], ["id", 4]]
  [1m[36m (0.9ms)[0m  [1mCOMMIT[0m
Redirected to http://localhost:3000/users/verify
Completed 302 Found in 791ms (ActiveRecord: 4.9ms)


Started GET "/users/verify" for ::1 at 2015-03-04 15:19:37 -0800
Processing by UsersController#show_verify as HTML
  Rendered users/show_verify.html.erb within layouts/application (1.0ms)
Completed 200 OK in 61ms (Views: 60.5ms | ActiveRecord: 0.0ms)


Started POST "/users/verify" for ::1 at 2015-03-04 15:19:50 -0800
Processing by UsersController#verify as HTML
  Parameters: {"utf8"=>"✓", "authenticity_token"=>"7UMlpJydKv4WwV3Okqes/0SekzzjfhMlArljis1/sM7DRdP/p3khcAytkIiA1pmKRoMZnrC2RdrDZA5yzUmXYw==", "token"=>"3961447"}
  [1m[35mUser Load (0.3ms)[0m  SELECT  "users".* FROM "users" WHERE "users"."id" = $1 LIMIT 1  [["id", 4]]
  [1m[36m (0.1ms)[0m  [1mBEGIN[0m
  [1m[35mUser Exists (0.3ms)[0m  SELECT  1 AS one FROM "users" WHERE ("users"."email" = 'jarodreyes+test06@gmail.com' AND "users"."id" != 4) LIMIT 1
  [1m[36mSQL (0.3ms)[0m  [1mUPDATE "users" SET "verified" = $1, "updated_at" = $2 WHERE "users"."id" = $3[0m  [["verified", "t"], ["updated_at", "2015-03-04 23:19:51.047620"], ["id", 4]]
  [1m[35m (0.8ms)[0m  COMMIT
  [1m[36mUser Load (0.3ms)[0m  [1mSELECT  "users".* FROM "users" WHERE "users"."id" = $1 LIMIT 1[0m  [["id", 4]]
Completed 500 Internal Server Error in 200ms

NameError (uninitialized constant UsersController::Twilio):
  app/controllers/users_controller.rb:55:in `send_message'
  app/controllers/users_controller.rb:36:in `verify'


  Rendered /Users/jreyes/.rvm/gems/ruby-2.1.3/gems/web-console-2.0.0/lib/action_dispatch/templates/rescues/_source.erb (10.6ms)
  Rendered /Users/jreyes/.rvm/gems/ruby-2.1.3/gems/web-console-2.0.0/lib/action_dispatch/templates/rescues/_trace.html.erb (3.0ms)
  Rendered /Users/jreyes/.rvm/gems/ruby-2.1.3/gems/web-console-2.0.0/lib/action_dispatch/templates/rescues/_request_and_response.html.erb (1.2ms)
  Rendered /Users/jreyes/.rvm/gems/ruby-2.1.3/gems/web-console-2.0.0/lib/action_dispatch/templates/rescues/_web_console.html.erb (1.7ms)
  Rendered /Users/jreyes/.rvm/gems/ruby-2.1.3/gems/web-console-2.0.0/lib/action_dispatch/templates/rescues/diagnostics.html.erb within rescues/layout (45.9ms)


Started POST "/users/verify" for ::1 at 2015-03-04 15:20:40 -0800
  [1m[36mActiveRecord::SchemaMigration Load (0.5ms)[0m  [1mSELECT "schema_migrations".* FROM "schema_migrations"[0m
Processing by UsersController#verify as HTML
  Parameters: {"utf8"=>"✓", "authenticity_token"=>"7UMlpJydKv4WwV3Okqes/0SekzzjfhMlArljis1/sM7DRdP/p3khcAytkIiA1pmKRoMZnrC2RdrDZA5yzUmXYw==", "token"=>"3961447"}
  [1m[35mUser Load (0.4ms)[0m  SELECT  "users".* FROM "users" WHERE "users"."id" = $1 LIMIT 1  [["id", 4]]
  Rendered users/show_verify.html.erb within layouts/application (2.3ms)
Completed 200 OK in 603ms (Views: 112.3ms | ActiveRecord: 4.6ms)


Started GET "/assets/account-64e62ddc273c2f5847f30d698ca14b67.css?body=1" for ::1 at 2015-03-04 15:20:41 -0800


Started GET "/assets/sessions-64e62ddc273c2f5847f30d698ca14b67.css?body=1" for ::1 at 2015-03-04 15:20:41 -0800


Started GET "/assets/main-64e62ddc273c2f5847f30d698ca14b67.css?body=1" for ::1 at 2015-03-04 15:20:41 -0800


Started GET "/assets/application-ecb77779919f3b2d9182e36db61ac16e.css?body=1" for ::1 at 2015-03-04 15:20:41 -0800


Started GET "/assets/users-64e62ddc273c2f5847f30d698ca14b67.css?body=1" for ::1 at 2015-03-04 15:20:41 -0800


Started GET "/assets/jquery-87424c3c19e96d4fb033c10ebe21ec40.js?body=1" for ::1 at 2015-03-04 15:20:41 -0800


Started GET "/assets/jquery_ujs-e27bd20a10d28155845a22d71ef94f2f.js?body=1" for ::1 at 2015-03-04 15:20:41 -0800


Started GET "/assets/turbolinks-f87b3583ca50adb0488b031297f5580d.js?body=1" for ::1 at 2015-03-04 15:20:41 -0800


Started GET "/assets/application-bc105cf26f847567b5eae624a793b626.js?body=1" for ::1 at 2015-03-04 15:20:41 -0800


Started GET "/users/new" for ::1 at 2015-03-04 15:21:12 -0800
Processing by UsersController#new as HTML
  Rendered users/new.html.erb within layouts/application (27.8ms)
Completed 200 OK in 83ms (Views: 82.2ms | ActiveRecord: 0.0ms)


Started GET "/assets/users-64e62ddc273c2f5847f30d698ca14b67.css?body=1" for ::1 at 2015-03-04 15:21:12 -0800


Started GET "/assets/account-64e62ddc273c2f5847f30d698ca14b67.css?body=1" for ::1 at 2015-03-04 15:21:12 -0800


Started GET "/assets/jquery-87424c3c19e96d4fb033c10ebe21ec40.js?body=1" for ::1 at 2015-03-04 15:21:12 -0800


Started GET "/assets/application-ecb77779919f3b2d9182e36db61ac16e.css?body=1" for ::1 at 2015-03-04 15:21:12 -0800


Started GET "/assets/main-64e62ddc273c2f5847f30d698ca14b67.css?body=1" for ::1 at 2015-03-04 15:21:12 -0800


Started GET "/assets/sessions-64e62ddc273c2f5847f30d698ca14b67.css?body=1" for ::1 at 2015-03-04 15:21:12 -0800


Started GET "/assets/jquery_ujs-e27bd20a10d28155845a22d71ef94f2f.js?body=1" for ::1 at 2015-03-04 15:21:12 -0800


Started GET "/assets/turbolinks-f87b3583ca50adb0488b031297f5580d.js?body=1" for ::1 at 2015-03-04 15:21:12 -0800


Started GET "/assets/application-bc105cf26f847567b5eae624a793b626.js?body=1" for ::1 at 2015-03-04 15:21:12 -0800


Started POST "/users" for ::1 at 2015-03-04 15:21:31 -0800
Processing by UsersController#create as HTML
  Parameters: {"utf8"=>"✓", "authenticity_token"=>"DgsjFKWH57zuUI/VoAOsKEgdvOYMl00KvYvKmJESP3IgDdVPnmPsMvQ8QpOycpldSgA2RF9fG/V8VqdgkSQY3w==", "user"=>{"name"=>"Jarod Reyes", "email"=>"jarodreyes+test07@gmail.com", "password"=>"[FILTERED]", "country_code"=>"1", "phone_number"=>"2066505813"}}
  [1m[36m (0.3ms)[0m  [1mBEGIN[0m
  [1m[35mUser Exists (1.2ms)[0m  SELECT  1 AS one FROM "users" WHERE "users"."email" = 'jarodreyes+test07@gmail.com' LIMIT 1
  [1m[36mSQL (6.7ms)[0m  [1mINSERT INTO "users" ("email", "password_digest", "name", "country_code", "phone_number", "created_at", "updated_at") VALUES ($1, $2, $3, $4, $5, $6, $7) RETURNING "id"[0m  [["email", "jarodreyes+test07@gmail.com"], ["password_digest", "$2a$10$/lImIxHMZl1QsLZCO0v0nuuoBXbB5a0ICp.5.uFlourseEbd9qzfa"], ["name", "Jarod Reyes"], ["country_code", "1"], ["phone_number", "2066505813"], ["created_at", "2015-03-04 23:21:31.299896"], ["updated_at", "2015-03-04 23:21:31.299896"]]
  [1m[35m (12.5ms)[0m  COMMIT
  [1m[36m (0.1ms)[0m  [1mBEGIN[0m
  [1m[35mUser Exists (0.6ms)[0m  SELECT  1 AS one FROM "users" WHERE ("users"."email" = 'jarodreyes+test07@gmail.com' AND "users"."id" != 5) LIMIT 1
  [1m[36mSQL (0.3ms)[0m  [1mUPDATE "users" SET "authy_id" = $1, "updated_at" = $2 WHERE "users"."id" = $3[0m  [["authy_id", "5588010"], ["updated_at", "2015-03-04 23:21:31.789521"], ["id", 5]]
  [1m[35m (0.8ms)[0m  COMMIT
Redirected to http://localhost:3000/users/verify
Completed 302 Found in 809ms (ActiveRecord: 22.5ms)


Started GET "/users/verify" for ::1 at 2015-03-04 15:21:32 -0800
Processing by UsersController#show_verify as HTML
  Rendered users/show_verify.html.erb within layouts/application (0.5ms)
Completed 200 OK in 46ms (Views: 45.9ms | ActiveRecord: 0.0ms)


Started GET "/assets/account-64e62ddc273c2f5847f30d698ca14b67.css?body=1" for ::1 at 2015-03-04 15:21:32 -0800


Started GET "/assets/jquery-87424c3c19e96d4fb033c10ebe21ec40.js?body=1" for ::1 at 2015-03-04 15:21:32 -0800


Started GET "/assets/sessions-64e62ddc273c2f5847f30d698ca14b67.css?body=1" for ::1 at 2015-03-04 15:21:32 -0800


Started GET "/assets/users-64e62ddc273c2f5847f30d698ca14b67.css?body=1" for ::1 at 2015-03-04 15:21:32 -0800


Started GET "/assets/application-ecb77779919f3b2d9182e36db61ac16e.css?body=1" for ::1 at 2015-03-04 15:21:32 -0800


Started GET "/assets/main-64e62ddc273c2f5847f30d698ca14b67.css?body=1" for ::1 at 2015-03-04 15:21:32 -0800


Started GET "/assets/jquery_ujs-e27bd20a10d28155845a22d71ef94f2f.js?body=1" for ::1 at 2015-03-04 15:21:32 -0800


Started GET "/assets/turbolinks-f87b3583ca50adb0488b031297f5580d.js?body=1" for ::1 at 2015-03-04 15:21:32 -0800


Started GET "/assets/application-bc105cf26f847567b5eae624a793b626.js?body=1" for ::1 at 2015-03-04 15:21:32 -0800


Started POST "/users/verify" for ::1 at 2015-03-04 15:21:39 -0800
Processing by UsersController#verify as HTML
  Parameters: {"utf8"=>"✓", "authenticity_token"=>"UMFuMwT8dRC9/4wOffyWlEb35+4jj4zI3wGsOJerDQR+x5hoPxh+nqeTQUhvjaPhROptTHBH2jce3MHAl50qqQ==", "token"=>"0606224"}
  [1m[36mUser Load (0.4ms)[0m  [1mSELECT  "users".* FROM "users" WHERE "users"."id" = $1 LIMIT 1[0m  [["id", 5]]
  [1m[35m (0.1ms)[0m  BEGIN
  [1m[36mUser Exists (0.5ms)[0m  [1mSELECT  1 AS one FROM "users" WHERE ("users"."email" = 'jarodreyes+test07@gmail.com' AND "users"."id" != 5) LIMIT 1[0m
  [1m[35mSQL (0.3ms)[0m  UPDATE "users" SET "verified" = $1, "updated_at" = $2 WHERE "users"."id" = $3  [["verified", "t"], ["updated_at", "2015-03-04 23:21:40.155974"], ["id", 5]]
  [1m[36m (0.8ms)[0m  [1mCOMMIT[0m
  [1m[35mUser Load (0.3ms)[0m  SELECT  "users".* FROM "users" WHERE "users"."id" = $1 LIMIT 1  [["id", 5]]
Redirected to http://localhost:3000/users/5
Completed 302 Found in 1450ms (ActiveRecord: 2.3ms)


Started GET "/users/5" for ::1 at 2015-03-04 15:21:41 -0800
Processing by UsersController#show as HTML
  Parameters: {"id"=>"5"}
  [1m[36mUser Load (0.5ms)[0m  [1mSELECT  "users".* FROM "users" WHERE "users"."id" = $1 LIMIT 1[0m  [["id", 5]]
  Rendered users/show.html.erb within layouts/application (0.5ms)
Completed 200 OK in 64ms (Views: 62.5ms | ActiveRecord: 0.5ms)


Started GET "/assets/account-64e62ddc273c2f5847f30d698ca14b67.css?body=1" for ::1 at 2015-03-04 15:21:41 -0800


Started GET "/assets/users-64e62ddc273c2f5847f30d698ca14b67.css?body=1" for ::1 at 2015-03-04 15:21:41 -0800


Started GET "/assets/main-64e62ddc273c2f5847f30d698ca14b67.css?body=1" for ::1 at 2015-03-04 15:21:41 -0800


Started GET "/assets/jquery-87424c3c19e96d4fb033c10ebe21ec40.js?body=1" for ::1 at 2015-03-04 15:21:41 -0800


Started GET "/assets/sessions-64e62ddc273c2f5847f30d698ca14b67.css?body=1" for ::1 at 2015-03-04 15:21:41 -0800


Started GET "/assets/application-ecb77779919f3b2d9182e36db61ac16e.css?body=1" for ::1 at 2015-03-04 15:21:41 -0800


Started GET "/assets/jquery_ujs-e27bd20a10d28155845a22d71ef94f2f.js?body=1" for ::1 at 2015-03-04 15:21:41 -0800


Started GET "/assets/turbolinks-f87b3583ca50adb0488b031297f5580d.js?body=1" for ::1 at 2015-03-04 15:21:41 -0800


Started GET "/assets/application-bc105cf26f847567b5eae624a793b626.js?body=1" for ::1 at 2015-03-04 15:21:41 -0800


Started GET "/users/verify" for ::1 at 2015-03-04 15:21:49 -0800
Processing by UsersController#show_verify as HTML
  Rendered users/show_verify.html.erb within layouts/application (0.8ms)
Completed 200 OK in 90ms (Views: 89.6ms | ActiveRecord: 0.0ms)


Started GET "/users/3" for ::1 at 2015-03-04 15:24:33 -0800
  [1m[36mActiveRecord::SchemaMigration Load (0.5ms)[0m  [1mSELECT "schema_migrations".* FROM "schema_migrations"[0m
Processing by UsersController#show as HTML
  Parameters: {"id"=>"3"}
  [1m[35mUser Load (0.5ms)[0m  SELECT  "users".* FROM "users" WHERE "users"."id" = $1 LIMIT 1  [["id", 5]]
  Rendered users/show.html.erb within layouts/application (1.4ms)
Completed 200 OK in 163ms (Views: 120.5ms | ActiveRecord: 4.4ms)


Started GET "/assets/main-64e62ddc273c2f5847f30d698ca14b67.css?body=1" for ::1 at 2015-03-04 15:24:34 -0800


Started GET "/assets/application-ecb77779919f3b2d9182e36db61ac16e.css?body=1" for ::1 at 2015-03-04 15:24:34 -0800


Started GET "/assets/users-64e62ddc273c2f5847f30d698ca14b67.css?body=1" for ::1 at 2015-03-04 15:24:34 -0800


Started GET "/assets/turbolinks-f87b3583ca50adb0488b031297f5580d.js?body=1" for ::1 at 2015-03-04 15:24:34 -0800


Started GET "/assets/jquery-87424c3c19e96d4fb033c10ebe21ec40.js?body=1" for ::1 at 2015-03-04 15:24:34 -0800


Started GET "/assets/jquery_ujs-e27bd20a10d28155845a22d71ef94f2f.js?body=1" for ::1 at 2015-03-04 15:24:34 -0800


Started GET "/assets/application-bc105cf26f847567b5eae624a793b626.js?body=1" for ::1 at 2015-03-04 15:24:34 -0800


Started GET "/" for ::1 at 2015-03-04 15:24:38 -0800
Processing by MainController#index as HTML
  Rendered main/index.html.erb within layouts/application (0.9ms)
Completed 200 OK in 59ms (Views: 58.8ms | ActiveRecord: 0.0ms)


Started GET "/assets/main-64e62ddc273c2f5847f30d698ca14b67.css?body=1" for ::1 at 2015-03-04 15:24:38 -0800


Started GET "/assets/jquery_ujs-e27bd20a10d28155845a22d71ef94f2f.js?body=1" for ::1 at 2015-03-04 15:24:38 -0800


Started GET "/assets/turbolinks-f87b3583ca50adb0488b031297f5580d.js?body=1" for ::1 at 2015-03-04 15:24:38 -0800


Started GET "/assets/jquery-87424c3c19e96d4fb033c10ebe21ec40.js?body=1" for ::1 at 2015-03-04 15:24:39 -0800


Started GET "/assets/users-64e62ddc273c2f5847f30d698ca14b67.css?body=1" for ::1 at 2015-03-04 15:24:39 -0800


Started GET "/assets/application-ecb77779919f3b2d9182e36db61ac16e.css?body=1" for ::1 at 2015-03-04 15:24:39 -0800


Started GET "/assets/application-bc105cf26f847567b5eae624a793b626.js?body=1" for ::1 at 2015-03-04 15:24:39 -0800
